<?xml version="1.0" encoding="UTF-8"?>
<testsuite xmlns:xsi="http://www.w3.org/2001/XMLSchema-instance" xsi:noNamespaceSchemaLocation="https://maven.apache.org/surefire/maven-surefire-plugin/xsd/surefire-test-report-3.0.xsd" version="3.0" name="com.example.webapp.system.BackendSystemE2ETest" time="2.199" tests="10" errors="0" skipped="0" failures="0">
  <properties>
[...]
</properties>
  <testcase name="e2e03_saveAndReadSessionPreferences" classname="com.example.webapp.system.BackendSystemE2ETest" time="0.261">
    <system-out><![CDATA[2026-03-21T10:46:03.776+03:00  INFO 23516 --- [           main] t.c.s.AnnotationConfigContextLoaderUtils : Could not detect default configuration classes for test class [com.example.webapp.system.BackendSystemE2ETest]: BackendSystemE2ETest does not declare any static, non-private, non-final, nested classes annotated with @Configuration.
2026-03-21T10:46:03.783+03:00  INFO 23516 --- [           main] .b.t.c.SpringBootTestContextBootstrapper : Found @SpringBootConfiguration com.example.webapp.PreferencesBackendApplication for test class com.example.webapp.system.BackendSystemE2ETest

  .   ____          _            __ _ _
 /\\ / ___'_ __ _ _(_)_ __  __ _ \ \ \ \
( ( )\___ | '_ | '_| | '_ \/ _` | \ \ \ \
 \\/  ___)| |_)| | | | | || (_| |  ) ) ) )
  '  |____| .__|_| |_|_| |_\__, | / / / /
 =========|_|==============|___/=/_/_/_/
 :: Spring Boot ::                (v3.1.3)

2026-03-21T10:46:03.802+03:00  INFO 23516 --- [           main] c.e.webapp.system.BackendSystemE2ETest   : Starting BackendSystemE2ETest using Java 21.0.6 with PID 23516 (started by gamin in C:\projects\teachers_preferences\backend)
2026-03-21T10:46:03.802+03:00  INFO 23516 --- [           main] c.e.webapp.system.BackendSystemE2ETest   : No active profile set, falling back to 1 default profile: "default"
2026-03-21T10:46:03.917+03:00  INFO 23516 --- [           main] .s.d.r.c.RepositoryConfigurationDelegate : Bootstrapping Spring Data JPA repositories in DEFAULT mode.
2026-03-21T10:46:03.929+03:00  INFO 23516 --- [           main] .s.d.r.c.RepositoryConfigurationDelegate : Finished Spring Data repository scanning in 11 ms. Found 3 JPA repository interfaces.
2026-03-21T10:46:03.953+03:00  INFO 23516 --- [           main] beddedDataSourceBeanFactoryPostProcessor : Replacing 'dataSource' DataSource bean with embedded version
2026-03-21T10:46:03.983+03:00  INFO 23516 --- [           main] o.s.b.w.embedded.tomcat.TomcatWebServer  : Tomcat initialized with port(s): 0 (http)
2026-03-21T10:46:03.984+03:00  INFO 23516 --- [           main] o.apache.catalina.core.StandardService   : Starting service [Tomcat]
2026-03-21T10:46:03.984+03:00  INFO 23516 --- [           main] o.apache.catalina.core.StandardEngine    : Starting Servlet engine: [Apache Tomcat/10.1.12]
2026-03-21T10:46:04.005+03:00  INFO 23516 --- [           main] o.a.c.c.C.[Tomcat-2].[localhost].[/]     : Initializing Spring embedded WebApplicationContext
2026-03-21T10:46:04.006+03:00  INFO 23516 --- [           main] w.s.c.ServletWebServerApplicationContext : Root WebApplicationContext: initialization completed in 203 ms
2026-03-21T10:46:04.012+03:00  INFO 23516 --- [           main] o.s.j.d.e.EmbeddedDatabaseFactory        : Starting embedded database: url='jdbc:h2:mem:fc0fb127-0d13-42c4-8675-90e110f5306b;DB_CLOSE_DELAY=-1;DB_CLOSE_ON_EXIT=false', username='sa'
2026-03-21T10:46:04.025+03:00  INFO 23516 --- [           main] o.hibernate.jpa.internal.util.LogHelper  : HHH000204: Processing PersistenceUnitInfo [name: default]
2026-03-21T10:46:04.030+03:00  INFO 23516 --- [           main] o.h.b.i.BytecodeProviderInitiator        : HHH000021: Bytecode provider name : bytebuddy
2026-03-21T10:46:04.031+03:00  INFO 23516 --- [           main] o.s.o.j.p.SpringPersistenceUnitInfo      : No LoadTimeWeaver setup: ignoring JPA class transformer
2026-03-21T10:46:04.032+03:00  WARN 23516 --- [           main] org.hibernate.dialect.Dialect            : HHH000511: The 2.1.0 version for [org.hibernate.dialect.PostgreSQLDialect] is no longer supported, hence certain features may not work properly. The minimum supported version is 10.0.0. Check the community dialects project for available legacy versions.
2026-03-21T10:46:04.047+03:00  INFO 23516 --- [           main] o.h.b.i.BytecodeProviderInitiator        : HHH000021: Bytecode provider name : bytebuddy
2026-03-21T10:46:04.096+03:00  INFO 23516 --- [           main] o.h.e.t.j.p.i.JtaPlatformInitiator       : HHH000490: Using JtaPlatform implementation: [org.hibernate.engine.transaction.jta.platform.internal.NoJtaPlatform]
Hibernate: alter table if exists preferences drop constraint if exists FKa3m46o9d1garl7om5blch2smv
Hibernate: drop table if exists preferences cascade
Hibernate: drop table if exists teachers cascade
Hibernate: drop table if exists users cascade
Hibernate: create table preferences (board_type_priority integer, building_room_priority integer, comments_priority integer, computers_priority integer, days_priority integer, format_priority integer, load_type_priority integer, times_priority integer, id bigserial not null, teacher_id bigint not null, avoid_dates varchar(255), board_type varchar(255), building_room varchar(255), comments varchar(255), computers varchar(255), days varchar(255), format varchar(255), groups varchar(255), load_type varchar(255), new_year_pref varchar(255), preferred_dates varchar(255), subject varchar(255), times varchar(255), type varchar(255) not null, primary key (id))
Hibernate: create table teachers (id bigserial not null, user_id bigint not null, contact_login varchar(255) not null unique, name varchar(255) not null, primary key (id))
Hibernate: create table users (id bigserial not null, full_name varchar(255), login varchar(255) not null unique, password_hash varchar(255), role varchar(255) check (role in ('ADMIN','TEACHER')), primary key (id))
Hibernate: alter table if exists preferences add constraint FKa3m46o9d1garl7om5blch2smv foreign key (teacher_id) references teachers
2026-03-21T10:46:04.103+03:00  INFO 23516 --- [           main] j.LocalContainerEntityManagerFactoryBean : Initialized JPA EntityManagerFactory for persistence unit 'default'
2026-03-21T10:46:04.171+03:00  WARN 23516 --- [           main] JpaBaseConfiguration$JpaWebConfiguration : spring.jpa.open-in-view is enabled by default. Therefore, database queries may be performed during view rendering. Explicitly configure spring.jpa.open-in-view to disable this warning
2026-03-21T10:46:04.205+03:00  INFO 23516 --- [           main] o.s.s.web.DefaultSecurityFilterChain     : Will secure any request with [org.springframework.security.web.session.DisableEncodeUrlFilter@157c7ac2, org.springframework.security.web.context.request.async.WebAsyncManagerIntegrationFilter@7f9c28f1, org.springframework.security.web.context.SecurityContextHolderFilter@6e732d3f, org.springframework.security.web.header.HeaderWriterFilter@25c68df3, org.springframework.web.filter.CorsFilter@37657bd3, org.springframework.security.web.authentication.logout.LogoutFilter@582814a3, com.example.webapp.security.JwtAuthFilter@381ca9b5, org.springframework.security.web.savedrequest.RequestCacheAwareFilter@7ba14414, org.springframework.security.web.servletapi.SecurityContextHolderAwareRequestFilter@6a19e786, org.springframework.security.web.authentication.AnonymousAuthenticationFilter@7518b885, org.springframework.security.web.session.SessionManagementFilter@7e3775d9, org.springframework.security.web.access.ExceptionTranslationFilter@7ddd0356, org.springframework.security.web.access.intercept.AuthorizationFilter@de9ead0]
2026-03-21T10:46:04.237+03:00  INFO 23516 --- [           main] o.s.b.w.embedded.tomcat.TomcatWebServer  : Tomcat started on port(s): 52176 (http) with context path ''
2026-03-21T10:46:04.240+03:00  INFO 23516 --- [           main] c.e.webapp.system.BackendSystemE2ETest   : Started BackendSystemE2ETest in 0.452 seconds (process running for 15.131)
Hibernate: select u1_0.id from users u1_0 where u1_0.login=? fetch first ? rows only
Hibernate: insert into users (full_name,login,password_hash,role) values (?,?,?,?)
==> Создан пользователь admin/admin с ролью ADMIN
2026-03-21T10:46:04.311+03:00  INFO 23516 --- [o-auto-3-exec-1] o.a.c.c.C.[Tomcat-2].[localhost].[/]     : Initializing Spring DispatcherServlet 'dispatcherServlet'
2026-03-21T10:46:04.311+03:00  INFO 23516 --- [o-auto-3-exec-1] o.s.web.servlet.DispatcherServlet        : Initializing Servlet 'dispatcherServlet'
2026-03-21T10:46:04.312+03:00  INFO 23516 --- [o-auto-3-exec-1] o.s.web.servlet.DispatcherServlet        : Completed initialization in 0 ms
2026-03-21T10:46:04.313+03:00 DEBUG 23516 --- [o-auto-3-exec-1] o.s.security.web.FilterChainProxy        : Securing POST /api/auth/register
2026-03-21T10:46:04.313+03:00 DEBUG 23516 --- [o-auto-3-exec-1] o.s.s.w.a.AnonymousAuthenticationFilter  : Set SecurityContextHolder to anonymous SecurityContext
2026-03-21T10:46:04.313+03:00 DEBUG 23516 --- [o-auto-3-exec-1] o.s.security.web.FilterChainProxy        : Secured POST /api/auth/register
Hibernate: select u1_0.id from users u1_0 where u1_0.login=? fetch first ? rows only
Hibernate: insert into users (full_name,login,password_hash,role) values (?,?,?,?)
Hibernate: insert into teachers (contact_login,name,user_id) values (?,?,?)
2026-03-21T10:46:04.397+03:00 DEBUG 23516 --- [o-auto-3-exec-2] o.s.security.web.FilterChainProxy        : Securing POST /api/auth/login
2026-03-21T10:46:04.398+03:00 DEBUG 23516 --- [o-auto-3-exec-2] o.s.s.w.a.AnonymousAuthenticationFilter  : Set SecurityContextHolder to anonymous SecurityContext
2026-03-21T10:46:04.398+03:00 DEBUG 23516 --- [o-auto-3-exec-2] o.s.security.web.FilterChainProxy        : Secured POST /api/auth/login
Hibernate: select u1_0.id,u1_0.full_name,u1_0.login,u1_0.password_hash,u1_0.role from users u1_0 where u1_0.login=?
2026-03-21T10:46:04.519+03:00 DEBUG 23516 --- [o-auto-3-exec-2] o.s.s.a.dao.DaoAuthenticationProvider    : Authenticated user
Hibernate: select u1_0.id,u1_0.full_name,u1_0.login,u1_0.password_hash,u1_0.role from users u1_0 where u1_0.login=?
2026-03-21T10:46:04.538+03:00 DEBUG 23516 --- [o-auto-3-exec-3] o.s.security.web.FilterChainProxy        : Securing POST /api/teacher/preferences
Hibernate: select u1_0.id,u1_0.full_name,u1_0.login,u1_0.password_hash,u1_0.role from users u1_0 where u1_0.login=?
2026-03-21T10:46:04.542+03:00 DEBUG 23516 --- [o-auto-3-exec-3] o.s.security.web.FilterChainProxy        : Secured POST /api/teacher/preferences
Hibernate: select t1_0.id,t1_0.contact_login,t1_0.name,t1_0.user_id from teachers t1_0 where t1_0.user_id=?
Hibernate: select p1_0.id,p1_0.avoid_dates,p1_0.board_type,p1_0.board_type_priority,p1_0.building_room,p1_0.building_room_priority,p1_0.comments,p1_0.comments_priority,p1_0.computers,p1_0.computers_priority,p1_0.days,p1_0.days_priority,p1_0.format,p1_0.format_priority,p1_0.groups,p1_0.load_type,p1_0.load_type_priority,p1_0.new_year_pref,p1_0.preferred_dates,p1_0.subject,p1_0.teacher_id,p1_0.times,p1_0.times_priority,p1_0.type from preferences p1_0 where p1_0.teacher_id=? and p1_0.type=?
Hibernate: insert into preferences (avoid_dates,board_type,board_type_priority,building_room,building_room_priority,comments,comments_priority,computers,computers_priority,days,days_priority,format,format_priority,groups,load_type,load_type_priority,new_year_pref,preferred_dates,subject,teacher_id,times,times_priority,type) values (?,?,?,?,?,?,?,?,?,?,?,?,?,?,?,?,?,?,?,?,?,?,?)
2026-03-21T10:46:04.555+03:00 DEBUG 23516 --- [o-auto-3-exec-4] o.s.security.web.FilterChainProxy        : Securing GET /api/teacher/preferences?type=session
Hibernate: select u1_0.id,u1_0.full_name,u1_0.login,u1_0.password_hash,u1_0.role from users u1_0 where u1_0.login=?
2026-03-21T10:46:04.559+03:00 DEBUG 23516 --- [o-auto-3-exec-4] o.s.security.web.FilterChainProxy        : Secured GET /api/teacher/preferences?type=session
Hibernate: select t1_0.id,t1_0.contact_login,t1_0.name,t1_0.user_id from teachers t1_0 where t1_0.user_id=?
Hibernate: select p1_0.id,p1_0.avoid_dates,p1_0.board_type,p1_0.board_type_priority,p1_0.building_room,p1_0.building_room_priority,p1_0.comments,p1_0.comments_priority,p1_0.computers,p1_0.computers_priority,p1_0.days,p1_0.days_priority,p1_0.format,p1_0.format_priority,p1_0.groups,p1_0.load_type,p1_0.load_type_priority,p1_0.new_year_pref,p1_0.preferred_dates,p1_0.subject,p1_0.teacher_id,p1_0.times,p1_0.times_priority,p1_0.type from preferences p1_0 where p1_0.teacher_id=? and p1_0.type=?
]]></system-out>
  </testcase>
  <testcase name="e2e10_volumeSmoke_20Preferences" classname="com.example.webapp.system.BackendSystemE2ETest" time="0.215">
    <system-out><![CDATA[2026-03-21T10:46:04.583+03:00 DEBUG 23516 --- [o-auto-3-exec-5] o.s.security.web.FilterChainProxy        : Securing POST /api/auth/register
2026-03-21T10:46:04.585+03:00 DEBUG 23516 --- [o-auto-3-exec-5] o.s.s.w.a.AnonymousAuthenticationFilter  : Set SecurityContextHolder to anonymous SecurityContext
2026-03-21T10:46:04.585+03:00 DEBUG 23516 --- [o-auto-3-exec-5] o.s.security.web.FilterChainProxy        : Secured POST /api/auth/register
Hibernate: select u1_0.id from users u1_0 where u1_0.login=? fetch first ? rows only
Hibernate: insert into users (full_name,login,password_hash,role) values (?,?,?,?)
Hibernate: insert into teachers (contact_login,name,user_id) values (?,?,?)
2026-03-21T10:46:04.664+03:00 DEBUG 23516 --- [o-auto-3-exec-6] o.s.security.web.FilterChainProxy        : Securing POST /api/auth/login
2026-03-21T10:46:04.664+03:00 DEBUG 23516 --- [o-auto-3-exec-6] o.s.s.w.a.AnonymousAuthenticationFilter  : Set SecurityContextHolder to anonymous SecurityContext
2026-03-21T10:46:04.664+03:00 DEBUG 23516 --- [o-auto-3-exec-6] o.s.security.web.FilterChainProxy        : Secured POST /api/auth/login
Hibernate: select u1_0.id,u1_0.full_name,u1_0.login,u1_0.password_hash,u1_0.role from users u1_0 where u1_0.login=?
2026-03-21T10:46:04.724+03:00 DEBUG 23516 --- [o-auto-3-exec-6] o.s.s.a.dao.DaoAuthenticationProvider    : Authenticated user
Hibernate: select u1_0.id,u1_0.full_name,u1_0.login,u1_0.password_hash,u1_0.role from users u1_0 where u1_0.login=?
2026-03-21T10:46:04.739+03:00 DEBUG 23516 --- [o-auto-3-exec-7] o.s.security.web.FilterChainProxy        : Securing POST /api/teacher/preferences
Hibernate: select u1_0.id,u1_0.full_name,u1_0.login,u1_0.password_hash,u1_0.role from users u1_0 where u1_0.login=?
2026-03-21T10:46:04.745+03:00 DEBUG 23516 --- [o-auto-3-exec-7] o.s.security.web.FilterChainProxy        : Secured POST /api/teacher/preferences
Hibernate: select t1_0.id,t1_0.contact_login,t1_0.name,t1_0.user_id from teachers t1_0 where t1_0.user_id=?
Hibernate: select p1_0.id,p1_0.avoid_dates,p1_0.board_type,p1_0.board_type_priority,p1_0.building_room,p1_0.building_room_priority,p1_0.comments,p1_0.comments_priority,p1_0.computers,p1_0.computers_priority,p1_0.days,p1_0.days_priority,p1_0.format,p1_0.format_priority,p1_0.groups,p1_0.load_type,p1_0.load_type_priority,p1_0.new_year_pref,p1_0.preferred_dates,p1_0.subject,p1_0.teacher_id,p1_0.times,p1_0.times_priority,p1_0.type from preferences p1_0 where p1_0.teacher_id=? and p1_0.type=?
Hibernate: insert into preferences (avoid_dates,board_type,board_type_priority,building_room,building_room_priority,comments,comments_priority,computers,computers_priority,days,days_priority,format,format_priority,groups,load_type,load_type_priority,new_year_pref,preferred_dates,subject,teacher_id,times,times_priority,type) values (?,?,?,?,?,?,?,?,?,?,?,?,?,?,?,?,?,?,?,?,?,?,?)
Hibernate: insert into preferences (avoid_dates,board_type,board_type_priority,building_room,building_room_priority,comments,comments_priority,computers,computers_priority,days,days_priority,format,format_priority,groups,load_type,load_type_priority,new_year_pref,preferred_dates,subject,teacher_id,times,times_priority,type) values (?,?,?,?,?,?,?,?,?,?,?,?,?,?,?,?,?,?,?,?,?,?,?)
Hibernate: insert into preferences (avoid_dates,board_type,board_type_priority,building_room,building_room_priority,comments,comments_priority,computers,computers_priority,days,days_priority,format,format_priority,groups,load_type,load_type_priority,new_year_pref,preferred_dates,subject,teacher_id,times,times_priority,type) values (?,?,?,?,?,?,?,?,?,?,?,?,?,?,?,?,?,?,?,?,?,?,?)
Hibernate: insert into preferences (avoid_dates,board_type,board_type_priority,building_room,building_room_priority,comments,comments_priority,computers,computers_priority,days,days_priority,format,format_priority,groups,load_type,load_type_priority,new_year_pref,preferred_dates,subject,teacher_id,times,times_priority,type) values (?,?,?,?,?,?,?,?,?,?,?,?,?,?,?,?,?,?,?,?,?,?,?)
Hibernate: insert into preferences (avoid_dates,board_type,board_type_priority,building_room,building_room_priority,comments,comments_priority,computers,computers_priority,days,days_priority,format,format_priority,groups,load_type,load_type_priority,new_year_pref,preferred_dates,subject,teacher_id,times,times_priority,type) values (?,?,?,?,?,?,?,?,?,?,?,?,?,?,?,?,?,?,?,?,?,?,?)
Hibernate: insert into preferences (avoid_dates,board_type,board_type_priority,building_room,building_room_priority,comments,comments_priority,computers,computers_priority,days,days_priority,format,format_priority,groups,load_type,load_type_priority,new_year_pref,preferred_dates,subject,teacher_id,times,times_priority,type) values (?,?,?,?,?,?,?,?,?,?,?,?,?,?,?,?,?,?,?,?,?,?,?)
Hibernate: insert into preferences (avoid_dates,board_type,board_type_priority,building_room,building_room_priority,comments,comments_priority,computers,computers_priority,days,days_priority,format,format_priority,groups,load_type,load_type_priority,new_year_pref,preferred_dates,subject,teacher_id,times,times_priority,type) values (?,?,?,?,?,?,?,?,?,?,?,?,?,?,?,?,?,?,?,?,?,?,?)
Hibernate: insert into preferences (avoid_dates,board_type,board_type_priority,building_room,building_room_priority,comments,comments_priority,computers,computers_priority,days,days_priority,format,format_priority,groups,load_type,load_type_priority,new_year_pref,preferred_dates,subject,teacher_id,times,times_priority,type) values (?,?,?,?,?,?,?,?,?,?,?,?,?,?,?,?,?,?,?,?,?,?,?)
Hibernate: insert into preferences (avoid_dates,board_type,board_type_priority,building_room,building_room_priority,comments,comments_priority,computers,computers_priority,days,days_priority,format,format_priority,groups,load_type,load_type_priority,new_year_pref,preferred_dates,subject,teacher_id,times,times_priority,type) values (?,?,?,?,?,?,?,?,?,?,?,?,?,?,?,?,?,?,?,?,?,?,?)
Hibernate: insert into preferences (avoid_dates,board_type,board_type_priority,building_room,building_room_priority,comments,comments_priority,computers,computers_priority,days,days_priority,format,format_priority,groups,load_type,load_type_priority,new_year_pref,preferred_dates,subject,teacher_id,times,times_priority,type) values (?,?,?,?,?,?,?,?,?,?,?,?,?,?,?,?,?,?,?,?,?,?,?)
Hibernate: insert into preferences (avoid_dates,board_type,board_type_priority,building_room,building_room_priority,comments,comments_priority,computers,computers_priority,days,days_priority,format,format_priority,groups,load_type,load_type_priority,new_year_pref,preferred_dates,subject,teacher_id,times,times_priority,type) values (?,?,?,?,?,?,?,?,?,?,?,?,?,?,?,?,?,?,?,?,?,?,?)
Hibernate: insert into preferences (avoid_dates,board_type,board_type_priority,building_room,building_room_priority,comments,comments_priority,computers,computers_priority,days,days_priority,format,format_priority,groups,load_type,load_type_priority,new_year_pref,preferred_dates,subject,teacher_id,times,times_priority,type) values (?,?,?,?,?,?,?,?,?,?,?,?,?,?,?,?,?,?,?,?,?,?,?)
Hibernate: insert into preferences (avoid_dates,board_type,board_type_priority,building_room,building_room_priority,comments,comments_priority,computers,computers_priority,days,days_priority,format,format_priority,groups,load_type,load_type_priority,new_year_pref,preferred_dates,subject,teacher_id,times,times_priority,type) values (?,?,?,?,?,?,?,?,?,?,?,?,?,?,?,?,?,?,?,?,?,?,?)
Hibernate: insert into preferences (avoid_dates,board_type,board_type_priority,building_room,building_room_priority,comments,comments_priority,computers,computers_priority,days,days_priority,format,format_priority,groups,load_type,load_type_priority,new_year_pref,preferred_dates,subject,teacher_id,times,times_priority,type) values (?,?,?,?,?,?,?,?,?,?,?,?,?,?,?,?,?,?,?,?,?,?,?)
Hibernate: insert into preferences (avoid_dates,board_type,board_type_priority,building_room,building_room_priority,comments,comments_priority,computers,computers_priority,days,days_priority,format,format_priority,groups,load_type,load_type_priority,new_year_pref,preferred_dates,subject,teacher_id,times,times_priority,type) values (?,?,?,?,?,?,?,?,?,?,?,?,?,?,?,?,?,?,?,?,?,?,?)
Hibernate: insert into preferences (avoid_dates,board_type,board_type_priority,building_room,building_room_priority,comments,comments_priority,computers,computers_priority,days,days_priority,format,format_priority,groups,load_type,load_type_priority,new_year_pref,preferred_dates,subject,teacher_id,times,times_priority,type) values (?,?,?,?,?,?,?,?,?,?,?,?,?,?,?,?,?,?,?,?,?,?,?)
Hibernate: insert into preferences (avoid_dates,board_type,board_type_priority,building_room,building_room_priority,comments,comments_priority,computers,computers_priority,days,days_priority,format,format_priority,groups,load_type,load_type_priority,new_year_pref,preferred_dates,subject,teacher_id,times,times_priority,type) values (?,?,?,?,?,?,?,?,?,?,?,?,?,?,?,?,?,?,?,?,?,?,?)
Hibernate: insert into preferences (avoid_dates,board_type,board_type_priority,building_room,building_room_priority,comments,comments_priority,computers,computers_priority,days,days_priority,format,format_priority,groups,load_type,load_type_priority,new_year_pref,preferred_dates,subject,teacher_id,times,times_priority,type) values (?,?,?,?,?,?,?,?,?,?,?,?,?,?,?,?,?,?,?,?,?,?,?)
Hibernate: insert into preferences (avoid_dates,board_type,board_type_priority,building_room,building_room_priority,comments,comments_priority,computers,computers_priority,days,days_priority,format,format_priority,groups,load_type,load_type_priority,new_year_pref,preferred_dates,subject,teacher_id,times,times_priority,type) values (?,?,?,?,?,?,?,?,?,?,?,?,?,?,?,?,?,?,?,?,?,?,?)
Hibernate: insert into preferences (avoid_dates,board_type,board_type_priority,building_room,building_room_priority,comments,comments_priority,computers,computers_priority,days,days_priority,format,format_priority,groups,load_type,load_type_priority,new_year_pref,preferred_dates,subject,teacher_id,times,times_priority,type) values (?,?,?,?,?,?,?,?,?,?,?,?,?,?,?,?,?,?,?,?,?,?,?)
2026-03-21T10:46:04.767+03:00 DEBUG 23516 --- [o-auto-3-exec-8] o.s.security.web.FilterChainProxy        : Securing GET /api/teacher/preferences?type=semester
Hibernate: select u1_0.id,u1_0.full_name,u1_0.login,u1_0.password_hash,u1_0.role from users u1_0 where u1_0.login=?
2026-03-21T10:46:04.772+03:00 DEBUG 23516 --- [o-auto-3-exec-8] o.s.security.web.FilterChainProxy        : Secured GET /api/teacher/preferences?type=semester
Hibernate: select t1_0.id,t1_0.contact_login,t1_0.name,t1_0.user_id from teachers t1_0 where t1_0.user_id=?
Hibernate: select p1_0.id,p1_0.avoid_dates,p1_0.board_type,p1_0.board_type_priority,p1_0.building_room,p1_0.building_room_priority,p1_0.comments,p1_0.comments_priority,p1_0.computers,p1_0.computers_priority,p1_0.days,p1_0.days_priority,p1_0.format,p1_0.format_priority,p1_0.groups,p1_0.load_type,p1_0.load_type_priority,p1_0.new_year_pref,p1_0.preferred_dates,p1_0.subject,p1_0.teacher_id,p1_0.times,p1_0.times_priority,p1_0.type from preferences p1_0 where p1_0.teacher_id=? and p1_0.type=?
]]></system-out>
  </testcase>
  <testcase name="e2e09_adminEndpointDeniedForTeacher" classname="com.example.webapp.system.BackendSystemE2ETest" time="0.158">
    <system-out><![CDATA[2026-03-21T10:46:04.788+03:00 DEBUG 23516 --- [o-auto-3-exec-9] o.s.security.web.FilterChainProxy        : Securing POST /api/auth/register
2026-03-21T10:46:04.788+03:00 DEBUG 23516 --- [o-auto-3-exec-9] o.s.s.w.a.AnonymousAuthenticationFilter  : Set SecurityContextHolder to anonymous SecurityContext
2026-03-21T10:46:04.788+03:00 DEBUG 23516 --- [o-auto-3-exec-9] o.s.security.web.FilterChainProxy        : Secured POST /api/auth/register
Hibernate: select u1_0.id from users u1_0 where u1_0.login=? fetch first ? rows only
Hibernate: insert into users (full_name,login,password_hash,role) values (?,?,?,?)
Hibernate: insert into teachers (contact_login,name,user_id) values (?,?,?)
2026-03-21T10:46:04.865+03:00 DEBUG 23516 --- [-auto-3-exec-10] o.s.security.web.FilterChainProxy        : Securing POST /api/auth/login
2026-03-21T10:46:04.865+03:00 DEBUG 23516 --- [-auto-3-exec-10] o.s.s.w.a.AnonymousAuthenticationFilter  : Set SecurityContextHolder to anonymous SecurityContext
2026-03-21T10:46:04.865+03:00 DEBUG 23516 --- [-auto-3-exec-10] o.s.security.web.FilterChainProxy        : Secured POST /api/auth/login
Hibernate: select u1_0.id,u1_0.full_name,u1_0.login,u1_0.password_hash,u1_0.role from users u1_0 where u1_0.login=?
2026-03-21T10:46:04.928+03:00 DEBUG 23516 --- [-auto-3-exec-10] o.s.s.a.dao.DaoAuthenticationProvider    : Authenticated user
Hibernate: select u1_0.id,u1_0.full_name,u1_0.login,u1_0.password_hash,u1_0.role from users u1_0 where u1_0.login=?
2026-03-21T10:46:04.932+03:00 DEBUG 23516 --- [o-auto-3-exec-1] o.s.security.web.FilterChainProxy        : Securing GET /api/admin/preferences
Hibernate: select u1_0.id,u1_0.full_name,u1_0.login,u1_0.password_hash,u1_0.role from users u1_0 where u1_0.login=?
2026-03-21T10:46:04.936+03:00 DEBUG 23516 --- [o-auto-3-exec-1] o.s.s.w.access.AccessDeniedHandlerImpl   : Responding with 403 status code
2026-03-21T10:46:04.936+03:00 DEBUG 23516 --- [o-auto-3-exec-1] o.s.security.web.FilterChainProxy        : Securing GET /error
2026-03-21T10:46:04.937+03:00 DEBUG 23516 --- [o-auto-3-exec-1] o.s.security.web.FilterChainProxy        : Secured GET /error
2026-03-21T10:46:04.940+03:00 DEBUG 23516 --- [o-auto-3-exec-1] o.s.s.w.a.AnonymousAuthenticationFilter  : Set SecurityContextHolder to anonymous SecurityContext
]]></system-out>
  </testcase>
  <testcase name="e2e08_crossTypeIsolation" classname="com.example.webapp.system.BackendSystemE2ETest" time="0.225">
    <system-out><![CDATA[2026-03-21T10:46:04.958+03:00 DEBUG 23516 --- [o-auto-3-exec-2] o.s.security.web.FilterChainProxy        : Securing POST /api/auth/register
2026-03-21T10:46:04.959+03:00 DEBUG 23516 --- [o-auto-3-exec-2] o.s.s.w.a.AnonymousAuthenticationFilter  : Set SecurityContextHolder to anonymous SecurityContext
2026-03-21T10:46:04.959+03:00 DEBUG 23516 --- [o-auto-3-exec-2] o.s.security.web.FilterChainProxy        : Secured POST /api/auth/register
Hibernate: select u1_0.id from users u1_0 where u1_0.login=? fetch first ? rows only
Hibernate: insert into users (full_name,login,password_hash,role) values (?,?,?,?)
Hibernate: insert into teachers (contact_login,name,user_id) values (?,?,?)
2026-03-21T10:46:05.036+03:00 DEBUG 23516 --- [o-auto-3-exec-3] o.s.security.web.FilterChainProxy        : Securing POST /api/auth/login
2026-03-21T10:46:05.038+03:00 DEBUG 23516 --- [o-auto-3-exec-3] o.s.s.w.a.AnonymousAuthenticationFilter  : Set SecurityContextHolder to anonymous SecurityContext
2026-03-21T10:46:05.038+03:00 DEBUG 23516 --- [o-auto-3-exec-3] o.s.security.web.FilterChainProxy        : Secured POST /api/auth/login
Hibernate: select u1_0.id,u1_0.full_name,u1_0.login,u1_0.password_hash,u1_0.role from users u1_0 where u1_0.login=?
2026-03-21T10:46:05.098+03:00 DEBUG 23516 --- [o-auto-3-exec-3] o.s.s.a.dao.DaoAuthenticationProvider    : Authenticated user
Hibernate: select u1_0.id,u1_0.full_name,u1_0.login,u1_0.password_hash,u1_0.role from users u1_0 where u1_0.login=?
2026-03-21T10:46:05.114+03:00 DEBUG 23516 --- [o-auto-3-exec-4] o.s.security.web.FilterChainProxy        : Securing POST /api/teacher/preferences
Hibernate: select u1_0.id,u1_0.full_name,u1_0.login,u1_0.password_hash,u1_0.role from users u1_0 where u1_0.login=?
2026-03-21T10:46:05.118+03:00 DEBUG 23516 --- [o-auto-3-exec-4] o.s.security.web.FilterChainProxy        : Secured POST /api/teacher/preferences
Hibernate: select t1_0.id,t1_0.contact_login,t1_0.name,t1_0.user_id from teachers t1_0 where t1_0.user_id=?
Hibernate: select p1_0.id,p1_0.avoid_dates,p1_0.board_type,p1_0.board_type_priority,p1_0.building_room,p1_0.building_room_priority,p1_0.comments,p1_0.comments_priority,p1_0.computers,p1_0.computers_priority,p1_0.days,p1_0.days_priority,p1_0.format,p1_0.format_priority,p1_0.groups,p1_0.load_type,p1_0.load_type_priority,p1_0.new_year_pref,p1_0.preferred_dates,p1_0.subject,p1_0.teacher_id,p1_0.times,p1_0.times_priority,p1_0.type from preferences p1_0 where p1_0.teacher_id=? and p1_0.type=?
Hibernate: insert into preferences (avoid_dates,board_type,board_type_priority,building_room,building_room_priority,comments,comments_priority,computers,computers_priority,days,days_priority,format,format_priority,groups,load_type,load_type_priority,new_year_pref,preferred_dates,subject,teacher_id,times,times_priority,type) values (?,?,?,?,?,?,?,?,?,?,?,?,?,?,?,?,?,?,?,?,?,?,?)
2026-03-21T10:46:05.129+03:00 DEBUG 23516 --- [o-auto-3-exec-5] o.s.security.web.FilterChainProxy        : Securing POST /api/teacher/preferences
Hibernate: select u1_0.id,u1_0.full_name,u1_0.login,u1_0.password_hash,u1_0.role from users u1_0 where u1_0.login=?
2026-03-21T10:46:05.134+03:00 DEBUG 23516 --- [o-auto-3-exec-5] o.s.security.web.FilterChainProxy        : Secured POST /api/teacher/preferences
Hibernate: select t1_0.id,t1_0.contact_login,t1_0.name,t1_0.user_id from teachers t1_0 where t1_0.user_id=?
Hibernate: select p1_0.id,p1_0.avoid_dates,p1_0.board_type,p1_0.board_type_priority,p1_0.building_room,p1_0.building_room_priority,p1_0.comments,p1_0.comments_priority,p1_0.computers,p1_0.computers_priority,p1_0.days,p1_0.days_priority,p1_0.format,p1_0.format_priority,p1_0.groups,p1_0.load_type,p1_0.load_type_priority,p1_0.new_year_pref,p1_0.preferred_dates,p1_0.subject,p1_0.teacher_id,p1_0.times,p1_0.times_priority,p1_0.type from preferences p1_0 where p1_0.teacher_id=? and p1_0.type=?
Hibernate: insert into preferences (avoid_dates,board_type,board_type_priority,building_room,building_room_priority,comments,comments_priority,computers,computers_priority,days,days_priority,format,format_priority,groups,load_type,load_type_priority,new_year_pref,preferred_dates,subject,teacher_id,times,times_priority,type) values (?,?,?,?,?,?,?,?,?,?,?,?,?,?,?,?,?,?,?,?,?,?,?)
2026-03-21T10:46:05.143+03:00 DEBUG 23516 --- [o-auto-3-exec-6] o.s.security.web.FilterChainProxy        : Securing GET /api/teacher/preferences?type=semester
Hibernate: select u1_0.id,u1_0.full_name,u1_0.login,u1_0.password_hash,u1_0.role from users u1_0 where u1_0.login=?
2026-03-21T10:46:05.148+03:00 DEBUG 23516 --- [o-auto-3-exec-6] o.s.security.web.FilterChainProxy        : Secured GET /api/teacher/preferences?type=semester
Hibernate: select t1_0.id,t1_0.contact_login,t1_0.name,t1_0.user_id from teachers t1_0 where t1_0.user_id=?
Hibernate: select p1_0.id,p1_0.avoid_dates,p1_0.board_type,p1_0.board_type_priority,p1_0.building_room,p1_0.building_room_priority,p1_0.comments,p1_0.comments_priority,p1_0.computers,p1_0.computers_priority,p1_0.days,p1_0.days_priority,p1_0.format,p1_0.format_priority,p1_0.groups,p1_0.load_type,p1_0.load_type_priority,p1_0.new_year_pref,p1_0.preferred_dates,p1_0.subject,p1_0.teacher_id,p1_0.times,p1_0.times_priority,p1_0.type from preferences p1_0 where p1_0.teacher_id=? and p1_0.type=?
2026-03-21T10:46:05.155+03:00 DEBUG 23516 --- [o-auto-3-exec-7] o.s.security.web.FilterChainProxy        : Securing GET /api/teacher/preferences?type=session
Hibernate: select u1_0.id,u1_0.full_name,u1_0.login,u1_0.password_hash,u1_0.role from users u1_0 where u1_0.login=?
2026-03-21T10:46:05.160+03:00 DEBUG 23516 --- [o-auto-3-exec-7] o.s.security.web.FilterChainProxy        : Secured GET /api/teacher/preferences?type=session
Hibernate: select t1_0.id,t1_0.contact_login,t1_0.name,t1_0.user_id from teachers t1_0 where t1_0.user_id=?
Hibernate: select p1_0.id,p1_0.avoid_dates,p1_0.board_type,p1_0.board_type_priority,p1_0.building_room,p1_0.building_room_priority,p1_0.comments,p1_0.comments_priority,p1_0.computers,p1_0.computers_priority,p1_0.days,p1_0.days_priority,p1_0.format,p1_0.format_priority,p1_0.groups,p1_0.load_type,p1_0.load_type_priority,p1_0.new_year_pref,p1_0.preferred_dates,p1_0.subject,p1_0.teacher_id,p1_0.times,p1_0.times_priority,p1_0.type from preferences p1_0 where p1_0.teacher_id=? and p1_0.type=?
]]></system-out>
  </testcase>
  <testcase name="e2e05_invalidLoginRejected" classname="com.example.webapp.system.BackendSystemE2ETest" time="0.075">
    <system-out><![CDATA[2026-03-21T10:46:05.175+03:00 DEBUG 23516 --- [o-auto-3-exec-8] o.s.security.web.FilterChainProxy        : Securing POST /api/auth/login
2026-03-21T10:46:05.176+03:00 DEBUG 23516 --- [o-auto-3-exec-8] o.s.s.w.a.AnonymousAuthenticationFilter  : Set SecurityContextHolder to anonymous SecurityContext
2026-03-21T10:46:05.176+03:00 DEBUG 23516 --- [o-auto-3-exec-8] o.s.security.web.FilterChainProxy        : Secured POST /api/auth/login
Hibernate: select u1_0.id,u1_0.full_name,u1_0.login,u1_0.password_hash,u1_0.role from users u1_0 where u1_0.login=?
2026-03-21T10:46:05.239+03:00 DEBUG 23516 --- [o-auto-3-exec-8] o.s.s.a.dao.DaoAuthenticationProvider    : Failed to find user 'unknown'
]]></system-out>
  </testcase>
  <testcase name="e2e02_saveAndReadSemesterPreferences" classname="com.example.webapp.system.BackendSystemE2ETest" time="0.173">
    <system-out><![CDATA[2026-03-21T10:46:05.245+03:00 DEBUG 23516 --- [o-auto-3-exec-9] o.s.security.web.FilterChainProxy        : Securing POST /api/auth/register
2026-03-21T10:46:05.246+03:00 DEBUG 23516 --- [o-auto-3-exec-9] o.s.s.w.a.AnonymousAuthenticationFilter  : Set SecurityContextHolder to anonymous SecurityContext
2026-03-21T10:46:05.246+03:00 DEBUG 23516 --- [o-auto-3-exec-9] o.s.security.web.FilterChainProxy        : Secured POST /api/auth/register
Hibernate: select u1_0.id from users u1_0 where u1_0.login=? fetch first ? rows only
Hibernate: insert into users (full_name,login,password_hash,role) values (?,?,?,?)
Hibernate: insert into teachers (contact_login,name,user_id) values (?,?,?)
2026-03-21T10:46:05.314+03:00 DEBUG 23516 --- [-auto-3-exec-10] o.s.security.web.FilterChainProxy        : Securing POST /api/auth/login
2026-03-21T10:46:05.314+03:00 DEBUG 23516 --- [-auto-3-exec-10] o.s.s.w.a.AnonymousAuthenticationFilter  : Set SecurityContextHolder to anonymous SecurityContext
2026-03-21T10:46:05.314+03:00 DEBUG 23516 --- [-auto-3-exec-10] o.s.security.web.FilterChainProxy        : Secured POST /api/auth/login
Hibernate: select u1_0.id,u1_0.full_name,u1_0.login,u1_0.password_hash,u1_0.role from users u1_0 where u1_0.login=?
2026-03-21T10:46:05.374+03:00 DEBUG 23516 --- [-auto-3-exec-10] o.s.s.a.dao.DaoAuthenticationProvider    : Authenticated user
Hibernate: select u1_0.id,u1_0.full_name,u1_0.login,u1_0.password_hash,u1_0.role from users u1_0 where u1_0.login=?
2026-03-21T10:46:05.391+03:00 DEBUG 23516 --- [o-auto-3-exec-1] o.s.security.web.FilterChainProxy        : Securing POST /api/teacher/preferences
Hibernate: select u1_0.id,u1_0.full_name,u1_0.login,u1_0.password_hash,u1_0.role from users u1_0 where u1_0.login=?
2026-03-21T10:46:05.395+03:00 DEBUG 23516 --- [o-auto-3-exec-1] o.s.security.web.FilterChainProxy        : Secured POST /api/teacher/preferences
Hibernate: select t1_0.id,t1_0.contact_login,t1_0.name,t1_0.user_id from teachers t1_0 where t1_0.user_id=?
Hibernate: select p1_0.id,p1_0.avoid_dates,p1_0.board_type,p1_0.board_type_priority,p1_0.building_room,p1_0.building_room_priority,p1_0.comments,p1_0.comments_priority,p1_0.computers,p1_0.computers_priority,p1_0.days,p1_0.days_priority,p1_0.format,p1_0.format_priority,p1_0.groups,p1_0.load_type,p1_0.load_type_priority,p1_0.new_year_pref,p1_0.preferred_dates,p1_0.subject,p1_0.teacher_id,p1_0.times,p1_0.times_priority,p1_0.type from preferences p1_0 where p1_0.teacher_id=? and p1_0.type=?
Hibernate: insert into preferences (avoid_dates,board_type,board_type_priority,building_room,building_room_priority,comments,comments_priority,computers,computers_priority,days,days_priority,format,format_priority,groups,load_type,load_type_priority,new_year_pref,preferred_dates,subject,teacher_id,times,times_priority,type) values (?,?,?,?,?,?,?,?,?,?,?,?,?,?,?,?,?,?,?,?,?,?,?)
2026-03-21T10:46:05.405+03:00 DEBUG 23516 --- [o-auto-3-exec-2] o.s.security.web.FilterChainProxy        : Securing GET /api/teacher/preferences?type=semester
Hibernate: select u1_0.id,u1_0.full_name,u1_0.login,u1_0.password_hash,u1_0.role from users u1_0 where u1_0.login=?
2026-03-21T10:46:05.410+03:00 DEBUG 23516 --- [o-auto-3-exec-2] o.s.security.web.FilterChainProxy        : Secured GET /api/teacher/preferences?type=semester
Hibernate: select t1_0.id,t1_0.contact_login,t1_0.name,t1_0.user_id from teachers t1_0 where t1_0.user_id=?
Hibernate: select p1_0.id,p1_0.avoid_dates,p1_0.board_type,p1_0.board_type_priority,p1_0.building_room,p1_0.building_room_priority,p1_0.comments,p1_0.comments_priority,p1_0.computers,p1_0.computers_priority,p1_0.days,p1_0.days_priority,p1_0.format,p1_0.format_priority,p1_0.groups,p1_0.load_type,p1_0.load_type_priority,p1_0.new_year_pref,p1_0.preferred_dates,p1_0.subject,p1_0.teacher_id,p1_0.times,p1_0.times_priority,p1_0.type from preferences p1_0 where p1_0.teacher_id=? and p1_0.type=?
]]></system-out>
  </testcase>
  <testcase name="e2e07_replaceSemesterDataOnResave" classname="com.example.webapp.system.BackendSystemE2ETest" time="0.203">
    <system-out><![CDATA[2026-03-21T10:46:05.421+03:00 DEBUG 23516 --- [o-auto-3-exec-3] o.s.security.web.FilterChainProxy        : Securing POST /api/auth/register
2026-03-21T10:46:05.421+03:00 DEBUG 23516 --- [o-auto-3-exec-3] o.s.s.w.a.AnonymousAuthenticationFilter  : Set SecurityContextHolder to anonymous SecurityContext
2026-03-21T10:46:05.423+03:00 DEBUG 23516 --- [o-auto-3-exec-3] o.s.security.web.FilterChainProxy        : Secured POST /api/auth/register
Hibernate: select u1_0.id from users u1_0 where u1_0.login=? fetch first ? rows only
Hibernate: insert into users (full_name,login,password_hash,role) values (?,?,?,?)
Hibernate: insert into teachers (contact_login,name,user_id) values (?,?,?)
2026-03-21T10:46:05.502+03:00 DEBUG 23516 --- [o-auto-3-exec-4] o.s.security.web.FilterChainProxy        : Securing POST /api/auth/login
2026-03-21T10:46:05.502+03:00 DEBUG 23516 --- [o-auto-3-exec-4] o.s.s.w.a.AnonymousAuthenticationFilter  : Set SecurityContextHolder to anonymous SecurityContext
2026-03-21T10:46:05.502+03:00 DEBUG 23516 --- [o-auto-3-exec-4] o.s.security.web.FilterChainProxy        : Secured POST /api/auth/login
Hibernate: select u1_0.id,u1_0.full_name,u1_0.login,u1_0.password_hash,u1_0.role from users u1_0 where u1_0.login=?
2026-03-21T10:46:05.563+03:00 DEBUG 23516 --- [o-auto-3-exec-4] o.s.s.a.dao.DaoAuthenticationProvider    : Authenticated user
Hibernate: select u1_0.id,u1_0.full_name,u1_0.login,u1_0.password_hash,u1_0.role from users u1_0 where u1_0.login=?
2026-03-21T10:46:05.579+03:00 DEBUG 23516 --- [o-auto-3-exec-5] o.s.security.web.FilterChainProxy        : Securing POST /api/teacher/preferences
Hibernate: select u1_0.id,u1_0.full_name,u1_0.login,u1_0.password_hash,u1_0.role from users u1_0 where u1_0.login=?
2026-03-21T10:46:05.583+03:00 DEBUG 23516 --- [o-auto-3-exec-5] o.s.security.web.FilterChainProxy        : Secured POST /api/teacher/preferences
Hibernate: select t1_0.id,t1_0.contact_login,t1_0.name,t1_0.user_id from teachers t1_0 where t1_0.user_id=?
Hibernate: select p1_0.id,p1_0.avoid_dates,p1_0.board_type,p1_0.board_type_priority,p1_0.building_room,p1_0.building_room_priority,p1_0.comments,p1_0.comments_priority,p1_0.computers,p1_0.computers_priority,p1_0.days,p1_0.days_priority,p1_0.format,p1_0.format_priority,p1_0.groups,p1_0.load_type,p1_0.load_type_priority,p1_0.new_year_pref,p1_0.preferred_dates,p1_0.subject,p1_0.teacher_id,p1_0.times,p1_0.times_priority,p1_0.type from preferences p1_0 where p1_0.teacher_id=? and p1_0.type=?
Hibernate: insert into preferences (avoid_dates,board_type,board_type_priority,building_room,building_room_priority,comments,comments_priority,computers,computers_priority,days,days_priority,format,format_priority,groups,load_type,load_type_priority,new_year_pref,preferred_dates,subject,teacher_id,times,times_priority,type) values (?,?,?,?,?,?,?,?,?,?,?,?,?,?,?,?,?,?,?,?,?,?,?)
2026-03-21T10:46:05.594+03:00 DEBUG 23516 --- [o-auto-3-exec-6] o.s.security.web.FilterChainProxy        : Securing POST /api/teacher/preferences
Hibernate: select u1_0.id,u1_0.full_name,u1_0.login,u1_0.password_hash,u1_0.role from users u1_0 where u1_0.login=?
2026-03-21T10:46:05.599+03:00 DEBUG 23516 --- [o-auto-3-exec-6] o.s.security.web.FilterChainProxy        : Secured POST /api/teacher/preferences
Hibernate: select t1_0.id,t1_0.contact_login,t1_0.name,t1_0.user_id from teachers t1_0 where t1_0.user_id=?
Hibernate: select p1_0.id,p1_0.avoid_dates,p1_0.board_type,p1_0.board_type_priority,p1_0.building_room,p1_0.building_room_priority,p1_0.comments,p1_0.comments_priority,p1_0.computers,p1_0.computers_priority,p1_0.days,p1_0.days_priority,p1_0.format,p1_0.format_priority,p1_0.groups,p1_0.load_type,p1_0.load_type_priority,p1_0.new_year_pref,p1_0.preferred_dates,p1_0.subject,p1_0.teacher_id,p1_0.times,p1_0.times_priority,p1_0.type from preferences p1_0 where p1_0.teacher_id=? and p1_0.type=?
Hibernate: insert into preferences (avoid_dates,board_type,board_type_priority,building_room,building_room_priority,comments,comments_priority,computers,computers_priority,days,days_priority,format,format_priority,groups,load_type,load_type_priority,new_year_pref,preferred_dates,subject,teacher_id,times,times_priority,type) values (?,?,?,?,?,?,?,?,?,?,?,?,?,?,?,?,?,?,?,?,?,?,?)
Hibernate: delete from preferences where id=?
2026-03-21T10:46:05.608+03:00 DEBUG 23516 --- [o-auto-3-exec-7] o.s.security.web.FilterChainProxy        : Securing GET /api/teacher/preferences?type=semester
Hibernate: select u1_0.id,u1_0.full_name,u1_0.login,u1_0.password_hash,u1_0.role from users u1_0 where u1_0.login=?
2026-03-21T10:46:05.614+03:00 DEBUG 23516 --- [o-auto-3-exec-7] o.s.security.web.FilterChainProxy        : Secured GET /api/teacher/preferences?type=semester
Hibernate: select t1_0.id,t1_0.contact_login,t1_0.name,t1_0.user_id from teachers t1_0 where t1_0.user_id=?
Hibernate: select p1_0.id,p1_0.avoid_dates,p1_0.board_type,p1_0.board_type_priority,p1_0.building_room,p1_0.building_room_priority,p1_0.comments,p1_0.comments_priority,p1_0.computers,p1_0.computers_priority,p1_0.days,p1_0.days_priority,p1_0.format,p1_0.format_priority,p1_0.groups,p1_0.load_type,p1_0.load_type_priority,p1_0.new_year_pref,p1_0.preferred_dates,p1_0.subject,p1_0.teacher_id,p1_0.times,p1_0.times_priority,p1_0.type from preferences p1_0 where p1_0.teacher_id=? and p1_0.type=?
]]></system-out>
  </testcase>
  <testcase name="e2e04_unauthorizedWithoutToken" classname="com.example.webapp.system.BackendSystemE2ETest" time="0.006">
    <system-out><![CDATA[2026-03-21T10:46:05.623+03:00 DEBUG 23516 --- [o-auto-3-exec-8] o.s.security.web.FilterChainProxy        : Securing GET /api/teacher/preferences?type=semester
2026-03-21T10:46:05.623+03:00 DEBUG 23516 --- [o-auto-3-exec-8] o.s.s.w.a.AnonymousAuthenticationFilter  : Set SecurityContextHolder to anonymous SecurityContext
2026-03-21T10:46:05.623+03:00 DEBUG 23516 --- [o-auto-3-exec-8] o.s.s.w.a.Http403ForbiddenEntryPoint     : Pre-authenticated entry point called. Rejecting access
2026-03-21T10:46:05.624+03:00 DEBUG 23516 --- [o-auto-3-exec-8] o.s.security.web.FilterChainProxy        : Securing GET /error?type=semester
2026-03-21T10:46:05.624+03:00 DEBUG 23516 --- [o-auto-3-exec-8] o.s.security.web.FilterChainProxy        : Secured GET /error?type=semester
2026-03-21T10:46:05.625+03:00 DEBUG 23516 --- [o-auto-3-exec-8] o.s.s.w.a.AnonymousAuthenticationFilter  : Set SecurityContextHolder to anonymous SecurityContext
]]></system-out>
  </testcase>
  <testcase name="e2e06_multipleSubjectsPersisted" classname="com.example.webapp.system.BackendSystemE2ETest" time="0.195">
    <system-out><![CDATA[2026-03-21T10:46:05.641+03:00 DEBUG 23516 --- [o-auto-3-exec-9] o.s.security.web.FilterChainProxy        : Securing POST /api/auth/register
2026-03-21T10:46:05.642+03:00 DEBUG 23516 --- [o-auto-3-exec-9] o.s.s.w.a.AnonymousAuthenticationFilter  : Set SecurityContextHolder to anonymous SecurityContext
2026-03-21T10:46:05.642+03:00 DEBUG 23516 --- [o-auto-3-exec-9] o.s.security.web.FilterChainProxy        : Secured POST /api/auth/register
Hibernate: select u1_0.id from users u1_0 where u1_0.login=? fetch first ? rows only
Hibernate: insert into users (full_name,login,password_hash,role) values (?,?,?,?)
Hibernate: insert into teachers (contact_login,name,user_id) values (?,?,?)
2026-03-21T10:46:05.718+03:00 DEBUG 23516 --- [-auto-3-exec-10] o.s.security.web.FilterChainProxy        : Securing POST /api/auth/login
2026-03-21T10:46:05.720+03:00 DEBUG 23516 --- [-auto-3-exec-10] o.s.s.w.a.AnonymousAuthenticationFilter  : Set SecurityContextHolder to anonymous SecurityContext
2026-03-21T10:46:05.720+03:00 DEBUG 23516 --- [-auto-3-exec-10] o.s.security.web.FilterChainProxy        : Secured POST /api/auth/login
Hibernate: select u1_0.id,u1_0.full_name,u1_0.login,u1_0.password_hash,u1_0.role from users u1_0 where u1_0.login=?
2026-03-21T10:46:05.781+03:00 DEBUG 23516 --- [-auto-3-exec-10] o.s.s.a.dao.DaoAuthenticationProvider    : Authenticated user
Hibernate: select u1_0.id,u1_0.full_name,u1_0.login,u1_0.password_hash,u1_0.role from users u1_0 where u1_0.login=?
2026-03-21T10:46:05.796+03:00 DEBUG 23516 --- [o-auto-3-exec-1] o.s.security.web.FilterChainProxy        : Securing POST /api/teacher/preferences
Hibernate: select u1_0.id,u1_0.full_name,u1_0.login,u1_0.password_hash,u1_0.role from users u1_0 where u1_0.login=?
2026-03-21T10:46:05.801+03:00 DEBUG 23516 --- [o-auto-3-exec-1] o.s.security.web.FilterChainProxy        : Secured POST /api/teacher/preferences
Hibernate: select t1_0.id,t1_0.contact_login,t1_0.name,t1_0.user_id from teachers t1_0 where t1_0.user_id=?
Hibernate: select p1_0.id,p1_0.avoid_dates,p1_0.board_type,p1_0.board_type_priority,p1_0.building_room,p1_0.building_room_priority,p1_0.comments,p1_0.comments_priority,p1_0.computers,p1_0.computers_priority,p1_0.days,p1_0.days_priority,p1_0.format,p1_0.format_priority,p1_0.groups,p1_0.load_type,p1_0.load_type_priority,p1_0.new_year_pref,p1_0.preferred_dates,p1_0.subject,p1_0.teacher_id,p1_0.times,p1_0.times_priority,p1_0.type from preferences p1_0 where p1_0.teacher_id=? and p1_0.type=?
Hibernate: insert into preferences (avoid_dates,board_type,board_type_priority,building_room,building_room_priority,comments,comments_priority,computers,computers_priority,days,days_priority,format,format_priority,groups,load_type,load_type_priority,new_year_pref,preferred_dates,subject,teacher_id,times,times_priority,type) values (?,?,?,?,?,?,?,?,?,?,?,?,?,?,?,?,?,?,?,?,?,?,?)
Hibernate: insert into preferences (avoid_dates,board_type,board_type_priority,building_room,building_room_priority,comments,comments_priority,computers,computers_priority,days,days_priority,format,format_priority,groups,load_type,load_type_priority,new_year_pref,preferred_dates,subject,teacher_id,times,times_priority,type) values (?,?,?,?,?,?,?,?,?,?,?,?,?,?,?,?,?,?,?,?,?,?,?)
Hibernate: insert into preferences (avoid_dates,board_type,board_type_priority,building_room,building_room_priority,comments,comments_priority,computers,computers_priority,days,days_priority,format,format_priority,groups,load_type,load_type_priority,new_year_pref,preferred_dates,subject,teacher_id,times,times_priority,type) values (?,?,?,?,?,?,?,?,?,?,?,?,?,?,?,?,?,?,?,?,?,?,?)
Hibernate: insert into preferences (avoid_dates,board_type,board_type_priority,building_room,building_room_priority,comments,comments_priority,computers,computers_priority,days,days_priority,format,format_priority,groups,load_type,load_type_priority,new_year_pref,preferred_dates,subject,teacher_id,times,times_priority,type) values (?,?,?,?,?,?,?,?,?,?,?,?,?,?,?,?,?,?,?,?,?,?,?)
Hibernate: insert into preferences (avoid_dates,board_type,board_type_priority,building_room,building_room_priority,comments,comments_priority,computers,computers_priority,days,days_priority,format,format_priority,groups,load_type,load_type_priority,new_year_pref,preferred_dates,subject,teacher_id,times,times_priority,type) values (?,?,?,?,?,?,?,?,?,?,?,?,?,?,?,?,?,?,?,?,?,?,?)
2026-03-21T10:46:05.812+03:00 DEBUG 23516 --- [o-auto-3-exec-2] o.s.security.web.FilterChainProxy        : Securing GET /api/teacher/preferences?type=semester
Hibernate: select u1_0.id,u1_0.full_name,u1_0.login,u1_0.password_hash,u1_0.role from users u1_0 where u1_0.login=?
2026-03-21T10:46:05.815+03:00 DEBUG 23516 --- [o-auto-3-exec-2] o.s.security.web.FilterChainProxy        : Secured GET /api/teacher/preferences?type=semester
Hibernate: select t1_0.id,t1_0.contact_login,t1_0.name,t1_0.user_id from teachers t1_0 where t1_0.user_id=?
Hibernate: select p1_0.id,p1_0.avoid_dates,p1_0.board_type,p1_0.board_type_priority,p1_0.building_room,p1_0.building_room_priority,p1_0.comments,p1_0.comments_priority,p1_0.computers,p1_0.computers_priority,p1_0.days,p1_0.days_priority,p1_0.format,p1_0.format_priority,p1_0.groups,p1_0.load_type,p1_0.load_type_priority,p1_0.new_year_pref,p1_0.preferred_dates,p1_0.subject,p1_0.teacher_id,p1_0.times,p1_0.times_priority,p1_0.type from preferences p1_0 where p1_0.teacher_id=? and p1_0.type=?
]]></system-out>
  </testcase>
  <testcase name="e2e01_registerAndLoginWorks" classname="com.example.webapp.system.BackendSystemE2ETest" time="0.15">
    <system-out><![CDATA[2026-03-21T10:46:05.828+03:00 DEBUG 23516 --- [o-auto-3-exec-3] o.s.security.web.FilterChainProxy        : Securing POST /api/auth/register
2026-03-21T10:46:05.829+03:00 DEBUG 23516 --- [o-auto-3-exec-3] o.s.s.w.a.AnonymousAuthenticationFilter  : Set SecurityContextHolder to anonymous SecurityContext
2026-03-21T10:46:05.829+03:00 DEBUG 23516 --- [o-auto-3-exec-3] o.s.security.web.FilterChainProxy        : Secured POST /api/auth/register
Hibernate: select u1_0.id from users u1_0 where u1_0.login=? fetch first ? rows only
Hibernate: insert into users (full_name,login,password_hash,role) values (?,?,?,?)
Hibernate: insert into teachers (contact_login,name,user_id) values (?,?,?)
2026-03-21T10:46:05.906+03:00 DEBUG 23516 --- [o-auto-3-exec-4] o.s.security.web.FilterChainProxy        : Securing POST /api/auth/login
2026-03-21T10:46:05.907+03:00 DEBUG 23516 --- [o-auto-3-exec-4] o.s.s.w.a.AnonymousAuthenticationFilter  : Set SecurityContextHolder to anonymous SecurityContext
2026-03-21T10:46:05.907+03:00 DEBUG 23516 --- [o-auto-3-exec-4] o.s.security.web.FilterChainProxy        : Secured POST /api/auth/login
Hibernate: select u1_0.id,u1_0.full_name,u1_0.login,u1_0.password_hash,u1_0.role from users u1_0 where u1_0.login=?
2026-03-21T10:46:05.968+03:00 DEBUG 23516 --- [o-auto-3-exec-4] o.s.s.a.dao.DaoAuthenticationProvider    : Authenticated user
Hibernate: select u1_0.id,u1_0.full_name,u1_0.login,u1_0.password_hash,u1_0.role from users u1_0 where u1_0.login=?
]]></system-out>
  </testcase>
</testsuite>