<?xml version="1.0" encoding="UTF-8"?>
<testsuite xmlns:xsi="http://www.w3.org/2001/XMLSchema-instance" xsi:noNamespaceSchemaLocation="https://maven.apache.org/surefire/maven-surefire-plugin/xsd/surefire-test-report-3.0.xsd" version="3.0" name="com.example.webapp.integration.TeacherFlowIntegrationTest" time="3.911" tests="2" errors="0" skipped="0" failures="0">
  <properties>
[...]
</properties>
  <testcase name="teacherCanEditExistingPreferences" classname="com.example.webapp.integration.TeacherFlowIntegrationTest" time="0.549">
    <system-out><![CDATA[2025-05-14T16:41:17.649+03:00  INFO 6496 --- [           main] t.c.s.AnnotationConfigContextLoaderUtils : Could not detect default configuration classes for test class [com.example.webapp.integration.TeacherFlowIntegrationTest]: TeacherFlowIntegrationTest does not declare any static, non-private, non-final, nested classes annotated with @Configuration.
2025-05-14T16:41:17.659+03:00  INFO 6496 --- [           main] .b.t.c.SpringBootTestContextBootstrapper : Found @SpringBootConfiguration com.example.webapp.PreferencesBackendApplication for test class com.example.webapp.integration.TeacherFlowIntegrationTest

  .   ____          _            __ _ _
 /\\ / ___'_ __ _ _(_)_ __  __ _ \ \ \ \
( ( )\___ | '_ | '_| | '_ \/ _` | \ \ \ \
 \\/  ___)| |_)| | | | | || (_| |  ) ) ) )
  '  |____| .__|_| |_|_| |_\__, | / / / /
 =========|_|==============|___/=/_/_/_/
 :: Spring Boot ::                (v3.1.3)

2025-05-14T16:41:17.687+03:00  INFO 6496 --- [           main] c.e.w.i.TeacherFlowIntegrationTest       : Starting TeacherFlowIntegrationTest using Java 21.0.6 with PID 6496 (started by gamin in D:\проекты\teachers_preferences\backend)
2025-05-14T16:41:17.687+03:00  INFO 6496 --- [           main] c.e.w.i.TeacherFlowIntegrationTest       : No active profile set, falling back to 1 default profile: "default"
2025-05-14T16:41:17.938+03:00  INFO 6496 --- [           main] .s.d.r.c.RepositoryConfigurationDelegate : Bootstrapping Spring Data JPA repositories in DEFAULT mode.
2025-05-14T16:41:17.985+03:00  INFO 6496 --- [           main] .s.d.r.c.RepositoryConfigurationDelegate : Finished Spring Data repository scanning in 38 ms. Found 3 JPA repository interfaces.
2025-05-14T16:41:18.059+03:00  INFO 6496 --- [           main] beddedDataSourceBeanFactoryPostProcessor : Replacing 'dataSource' DataSource bean with embedded version
2025-05-14T16:41:18.381+03:00  INFO 6496 --- [           main] o.s.b.w.embedded.tomcat.TomcatWebServer  : Tomcat initialized with port(s): 0 (http)
2025-05-14T16:41:18.390+03:00  INFO 6496 --- [           main] o.apache.catalina.core.StandardService   : Starting service [Tomcat]
2025-05-14T16:41:18.392+03:00  INFO 6496 --- [           main] o.apache.catalina.core.StandardEngine    : Starting Servlet engine: [Apache Tomcat/10.1.12]
2025-05-14T16:41:18.498+03:00  INFO 6496 --- [           main] o.a.c.c.C.[Tomcat].[localhost].[/]       : Initializing Spring embedded WebApplicationContext
2025-05-14T16:41:18.498+03:00  INFO 6496 --- [           main] w.s.c.ServletWebServerApplicationContext : Root WebApplicationContext: initialization completed in 810 ms
2025-05-14T16:41:18.544+03:00  INFO 6496 --- [           main] o.s.j.d.e.EmbeddedDatabaseFactory        : Starting embedded database: url='jdbc:h2:mem:381a6499-cf05-4374-ac07-9c4825e9f90c;DB_CLOSE_DELAY=-1;DB_CLOSE_ON_EXIT=false', username='sa'
2025-05-14T16:41:18.867+03:00  INFO 6496 --- [           main] o.hibernate.jpa.internal.util.LogHelper  : HHH000204: Processing PersistenceUnitInfo [name: default]
2025-05-14T16:41:18.947+03:00  INFO 6496 --- [           main] org.hibernate.Version                    : HHH000412: Hibernate ORM core version 6.2.7.Final
2025-05-14T16:41:18.949+03:00  INFO 6496 --- [           main] org.hibernate.cfg.Environment            : HHH000406: Using bytecode reflection optimizer
2025-05-14T16:41:19.117+03:00  INFO 6496 --- [           main] o.h.b.i.BytecodeProviderInitiator        : HHH000021: Bytecode provider name : bytebuddy
2025-05-14T16:41:19.127+03:00  INFO 6496 --- [           main] o.s.o.j.p.SpringPersistenceUnitInfo      : No LoadTimeWeaver setup: ignoring JPA class transformer
2025-05-14T16:41:19.167+03:00  WARN 6496 --- [           main] org.hibernate.dialect.Dialect            : HHH000511: The 2.1.0 version for [org.hibernate.dialect.PostgreSQLDialect] is no longer supported, hence certain features may not work properly. The minimum supported version is 10.0.0. Check the community dialects project for available legacy versions.
2025-05-14T16:41:19.433+03:00  INFO 6496 --- [           main] o.h.b.i.BytecodeProviderInitiator        : HHH000021: Bytecode provider name : bytebuddy
2025-05-14T16:41:19.913+03:00  INFO 6496 --- [           main] o.h.e.t.j.p.i.JtaPlatformInitiator       : HHH000490: Using JtaPlatform implementation: [org.hibernate.engine.transaction.jta.platform.internal.NoJtaPlatform]
Hibernate: alter table if exists preferences drop constraint if exists FKa3m46o9d1garl7om5blch2smv
Hibernate: drop table if exists preferences cascade
Hibernate: drop table if exists teachers cascade
Hibernate: drop table if exists users cascade
Hibernate: create table preferences (board_type_priority integer, building_room_priority integer, comments_priority integer, computers_priority integer, days_priority integer, format_priority integer, load_type_priority integer, times_priority integer, id bigserial not null, teacher_id bigint not null, avoid_dates varchar(255), board_type varchar(255), building_room varchar(255), comments varchar(255), computers varchar(255), days varchar(255), format varchar(255), groups varchar(255), load_type varchar(255), new_year_pref varchar(255), preferred_dates varchar(255), subject varchar(255), times varchar(255), type varchar(255) not null, primary key (id))
Hibernate: create table teachers (id bigserial not null, user_id bigint not null, contact_login varchar(255) not null unique, name varchar(255) not null, primary key (id))
Hibernate: create table users (id bigserial not null, full_name varchar(255), login varchar(255) not null unique, password_hash varchar(255), role varchar(255) check (role in ('ADMIN','TEACHER')), primary key (id))
Hibernate: alter table if exists preferences add constraint FKa3m46o9d1garl7om5blch2smv foreign key (teacher_id) references teachers
2025-05-14T16:41:19.965+03:00  INFO 6496 --- [           main] j.LocalContainerEntityManagerFactoryBean : Initialized JPA EntityManagerFactory for persistence unit 'default'
2025-05-14T16:41:20.393+03:00  WARN 6496 --- [           main] JpaBaseConfiguration$JpaWebConfiguration : spring.jpa.open-in-view is enabled by default. Therefore, database queries may be performed during view rendering. Explicitly configure spring.jpa.open-in-view to disable this warning
2025-05-14T16:41:20.450+03:00  INFO 6496 --- [           main] o.s.s.web.DefaultSecurityFilterChain     : Will secure any request with [org.springframework.security.web.session.DisableEncodeUrlFilter@74ae2dec, org.springframework.security.web.context.request.async.WebAsyncManagerIntegrationFilter@36aacc46, org.springframework.security.web.context.SecurityContextHolderFilter@10982760, org.springframework.security.web.header.HeaderWriterFilter@3b6f7ab3, org.springframework.web.filter.CorsFilter@4e1fd34b, org.springframework.security.web.authentication.logout.LogoutFilter@22bf2a0d, com.example.webapp.security.JwtAuthFilter@17caf362, org.springframework.security.web.savedrequest.RequestCacheAwareFilter@50626d22, org.springframework.security.web.servletapi.SecurityContextHolderAwareRequestFilter@7cc742d, org.springframework.security.web.authentication.AnonymousAuthenticationFilter@46bc9802, org.springframework.security.web.session.SessionManagementFilter@87f8146, org.springframework.security.web.access.ExceptionTranslationFilter@5af850f1, org.springframework.security.web.access.intercept.AuthorizationFilter@2f24e1f3]
2025-05-14T16:41:20.585+03:00  INFO 6496 --- [           main] o.s.b.w.embedded.tomcat.TomcatWebServer  : Tomcat started on port(s): 52091 (http) with context path ''
2025-05-14T16:41:20.588+03:00  INFO 6496 --- [           main] c.e.w.i.TeacherFlowIntegrationTest       : Started TeacherFlowIntegrationTest in 2.922 seconds (process running for 7.661)
Hibernate: select u1_0.id from users u1_0 where u1_0.login=? fetch first ? rows only
Hibernate: insert into users (full_name,login,password_hash,role) values (?,?,?,?)
==> Создан пользователь admin/admin с ролью ADMIN
2025-05-14T16:41:20.876+03:00  INFO 6496 --- [o-auto-1-exec-1] o.a.c.c.C.[Tomcat].[localhost].[/]       : Initializing Spring DispatcherServlet 'dispatcherServlet'
2025-05-14T16:41:20.876+03:00  INFO 6496 --- [o-auto-1-exec-1] o.s.web.servlet.DispatcherServlet        : Initializing Servlet 'dispatcherServlet'
2025-05-14T16:41:20.877+03:00  INFO 6496 --- [o-auto-1-exec-1] o.s.web.servlet.DispatcherServlet        : Completed initialization in 1 ms
2025-05-14T16:41:20.882+03:00 DEBUG 6496 --- [o-auto-1-exec-1] o.s.security.web.FilterChainProxy        : Securing POST /api/auth/register
2025-05-14T16:41:20.886+03:00 DEBUG 6496 --- [o-auto-1-exec-1] o.s.s.w.a.AnonymousAuthenticationFilter  : Set SecurityContextHolder to anonymous SecurityContext
2025-05-14T16:41:20.889+03:00 DEBUG 6496 --- [o-auto-1-exec-1] o.s.security.web.FilterChainProxy        : Secured POST /api/auth/register
Hibernate: select u1_0.id from users u1_0 where u1_0.login=? fetch first ? rows only
Hibernate: insert into users (full_name,login,password_hash,role) values (?,?,?,?)
Hibernate: insert into teachers (contact_login,name,user_id) values (?,?,?)
2025-05-14T16:41:20.989+03:00 DEBUG 6496 --- [o-auto-1-exec-2] o.s.security.web.FilterChainProxy        : Securing POST /api/auth/login
2025-05-14T16:41:20.989+03:00 DEBUG 6496 --- [o-auto-1-exec-2] o.s.s.w.a.AnonymousAuthenticationFilter  : Set SecurityContextHolder to anonymous SecurityContext
2025-05-14T16:41:20.990+03:00 DEBUG 6496 --- [o-auto-1-exec-2] o.s.security.web.FilterChainProxy        : Secured POST /api/auth/login
Hibernate: select u1_0.id,u1_0.full_name,u1_0.login,u1_0.password_hash,u1_0.role from users u1_0 where u1_0.login=?
2025-05-14T16:41:21.137+03:00 DEBUG 6496 --- [o-auto-1-exec-2] o.s.s.a.dao.DaoAuthenticationProvider    : Authenticated user
Hibernate: select u1_0.id,u1_0.full_name,u1_0.login,u1_0.password_hash,u1_0.role from users u1_0 where u1_0.login=?
2025-05-14T16:41:21.240+03:00 DEBUG 6496 --- [o-auto-1-exec-3] o.s.security.web.FilterChainProxy        : Securing POST /api/teacher/preferences
Hibernate: select u1_0.id,u1_0.full_name,u1_0.login,u1_0.password_hash,u1_0.role from users u1_0 where u1_0.login=?
2025-05-14T16:41:21.278+03:00 DEBUG 6496 --- [o-auto-1-exec-3] o.s.security.web.FilterChainProxy        : Secured POST /api/teacher/preferences
Hibernate: select t1_0.id,t1_0.contact_login,t1_0.name,t1_0.user_id from teachers t1_0 where t1_0.user_id=?
Hibernate: select p1_0.id,p1_0.avoid_dates,p1_0.board_type,p1_0.board_type_priority,p1_0.building_room,p1_0.building_room_priority,p1_0.comments,p1_0.comments_priority,p1_0.computers,p1_0.computers_priority,p1_0.days,p1_0.days_priority,p1_0.format,p1_0.format_priority,p1_0.groups,p1_0.load_type,p1_0.load_type_priority,p1_0.new_year_pref,p1_0.preferred_dates,p1_0.subject,p1_0.teacher_id,p1_0.times,p1_0.times_priority,p1_0.type from preferences p1_0 where p1_0.teacher_id=? and p1_0.type=?
Hibernate: insert into preferences (avoid_dates,board_type,board_type_priority,building_room,building_room_priority,comments,comments_priority,computers,computers_priority,days,days_priority,format,format_priority,groups,load_type,load_type_priority,new_year_pref,preferred_dates,subject,teacher_id,times,times_priority,type) values (?,?,?,?,?,?,?,?,?,?,?,?,?,?,?,?,?,?,?,?,?,?,?)
2025-05-14T16:41:21.301+03:00 DEBUG 6496 --- [o-auto-1-exec-4] o.s.security.web.FilterChainProxy        : Securing POST /api/teacher/preferences
Hibernate: select u1_0.id,u1_0.full_name,u1_0.login,u1_0.password_hash,u1_0.role from users u1_0 where u1_0.login=?
2025-05-14T16:41:21.306+03:00 DEBUG 6496 --- [o-auto-1-exec-4] o.s.security.web.FilterChainProxy        : Secured POST /api/teacher/preferences
Hibernate: select t1_0.id,t1_0.contact_login,t1_0.name,t1_0.user_id from teachers t1_0 where t1_0.user_id=?
Hibernate: select p1_0.id,p1_0.avoid_dates,p1_0.board_type,p1_0.board_type_priority,p1_0.building_room,p1_0.building_room_priority,p1_0.comments,p1_0.comments_priority,p1_0.computers,p1_0.computers_priority,p1_0.days,p1_0.days_priority,p1_0.format,p1_0.format_priority,p1_0.groups,p1_0.load_type,p1_0.load_type_priority,p1_0.new_year_pref,p1_0.preferred_dates,p1_0.subject,p1_0.teacher_id,p1_0.times,p1_0.times_priority,p1_0.type from preferences p1_0 where p1_0.teacher_id=? and p1_0.type=?
Hibernate: insert into preferences (avoid_dates,board_type,board_type_priority,building_room,building_room_priority,comments,comments_priority,computers,computers_priority,days,days_priority,format,format_priority,groups,load_type,load_type_priority,new_year_pref,preferred_dates,subject,teacher_id,times,times_priority,type) values (?,?,?,?,?,?,?,?,?,?,?,?,?,?,?,?,?,?,?,?,?,?,?)
Hibernate: delete from preferences where id=?
]]></system-out>
  </testcase>
  <testcase name="teacherCanRegisterLoginAndManagePreferences" classname="com.example.webapp.integration.TeacherFlowIntegrationTest" time="0.213">
    <system-out><![CDATA[2025-05-14T16:41:21.363+03:00 DEBUG 6496 --- [o-auto-1-exec-5] o.s.security.web.FilterChainProxy        : Securing POST /api/auth/register
2025-05-14T16:41:21.364+03:00 DEBUG 6496 --- [o-auto-1-exec-5] o.s.s.w.a.AnonymousAuthenticationFilter  : Set SecurityContextHolder to anonymous SecurityContext
2025-05-14T16:41:21.364+03:00 DEBUG 6496 --- [o-auto-1-exec-5] o.s.security.web.FilterChainProxy        : Secured POST /api/auth/register
Hibernate: select u1_0.id from users u1_0 where u1_0.login=? fetch first ? rows only
Hibernate: insert into users (full_name,login,password_hash,role) values (?,?,?,?)
Hibernate: insert into teachers (contact_login,name,user_id) values (?,?,?)
2025-05-14T16:41:21.442+03:00 DEBUG 6496 --- [o-auto-1-exec-6] o.s.security.web.FilterChainProxy        : Securing POST /api/auth/login
2025-05-14T16:41:21.442+03:00 DEBUG 6496 --- [o-auto-1-exec-6] o.s.s.w.a.AnonymousAuthenticationFilter  : Set SecurityContextHolder to anonymous SecurityContext
2025-05-14T16:41:21.442+03:00 DEBUG 6496 --- [o-auto-1-exec-6] o.s.security.web.FilterChainProxy        : Secured POST /api/auth/login
Hibernate: select u1_0.id,u1_0.full_name,u1_0.login,u1_0.password_hash,u1_0.role from users u1_0 where u1_0.login=?
2025-05-14T16:41:21.508+03:00 DEBUG 6496 --- [o-auto-1-exec-6] o.s.s.a.dao.DaoAuthenticationProvider    : Authenticated user
Hibernate: select u1_0.id,u1_0.full_name,u1_0.login,u1_0.password_hash,u1_0.role from users u1_0 where u1_0.login=?
2025-05-14T16:41:21.518+03:00 DEBUG 6496 --- [o-auto-1-exec-7] o.s.security.web.FilterChainProxy        : Securing POST /api/teacher/preferences
Hibernate: select u1_0.id,u1_0.full_name,u1_0.login,u1_0.password_hash,u1_0.role from users u1_0 where u1_0.login=?
2025-05-14T16:41:21.523+03:00 DEBUG 6496 --- [o-auto-1-exec-7] o.s.security.web.FilterChainProxy        : Secured POST /api/teacher/preferences
Hibernate: select t1_0.id,t1_0.contact_login,t1_0.name,t1_0.user_id from teachers t1_0 where t1_0.user_id=?
Hibernate: select p1_0.id,p1_0.avoid_dates,p1_0.board_type,p1_0.board_type_priority,p1_0.building_room,p1_0.building_room_priority,p1_0.comments,p1_0.comments_priority,p1_0.computers,p1_0.computers_priority,p1_0.days,p1_0.days_priority,p1_0.format,p1_0.format_priority,p1_0.groups,p1_0.load_type,p1_0.load_type_priority,p1_0.new_year_pref,p1_0.preferred_dates,p1_0.subject,p1_0.teacher_id,p1_0.times,p1_0.times_priority,p1_0.type from preferences p1_0 where p1_0.teacher_id=? and p1_0.type=?
Hibernate: insert into preferences (avoid_dates,board_type,board_type_priority,building_room,building_room_priority,comments,comments_priority,computers,computers_priority,days,days_priority,format,format_priority,groups,load_type,load_type_priority,new_year_pref,preferred_dates,subject,teacher_id,times,times_priority,type) values (?,?,?,?,?,?,?,?,?,?,?,?,?,?,?,?,?,?,?,?,?,?,?)
Hibernate: insert into preferences (avoid_dates,board_type,board_type_priority,building_room,building_room_priority,comments,comments_priority,computers,computers_priority,days,days_priority,format,format_priority,groups,load_type,load_type_priority,new_year_pref,preferred_dates,subject,teacher_id,times,times_priority,type) values (?,?,?,?,?,?,?,?,?,?,?,?,?,?,?,?,?,?,?,?,?,?,?)
2025-05-14T16:41:21.543+03:00 DEBUG 6496 --- [o-auto-1-exec-8] o.s.security.web.FilterChainProxy        : Securing GET /api/teacher/preferences?type=semester
Hibernate: select u1_0.id,u1_0.full_name,u1_0.login,u1_0.password_hash,u1_0.role from users u1_0 where u1_0.login=?
2025-05-14T16:41:21.547+03:00 DEBUG 6496 --- [o-auto-1-exec-8] o.s.security.web.FilterChainProxy        : Secured GET /api/teacher/preferences?type=semester
Hibernate: select t1_0.id,t1_0.contact_login,t1_0.name,t1_0.user_id from teachers t1_0 where t1_0.user_id=?
Hibernate: select p1_0.id,p1_0.avoid_dates,p1_0.board_type,p1_0.board_type_priority,p1_0.building_room,p1_0.building_room_priority,p1_0.comments,p1_0.comments_priority,p1_0.computers,p1_0.computers_priority,p1_0.days,p1_0.days_priority,p1_0.format,p1_0.format_priority,p1_0.groups,p1_0.load_type,p1_0.load_type_priority,p1_0.new_year_pref,p1_0.preferred_dates,p1_0.subject,p1_0.teacher_id,p1_0.times,p1_0.times_priority,p1_0.type from preferences p1_0 where p1_0.teacher_id=? and p1_0.type=?
]]></system-out>
  </testcase>
</testsuite>