<?xml version="1.0" encoding="UTF-8"?>
<testsuite xmlns:xsi="http://www.w3.org/2001/XMLSchema-instance" xsi:noNamespaceSchemaLocation="https://maven.apache.org/surefire/maven-surefire-plugin/xsd/surefire-test-report-3.0.xsd" version="3.0" name="com.example.webapp.integration.BackendScenariosIntegrationTest" time="5.4" tests="8" errors="0" skipped="0" failures="0">
  <properties>
[...]
</properties>
  <testcase name="scenario05_saveThenGetReturnsSameCount" classname="com.example.webapp.integration.BackendScenariosIntegrationTest" time="0.578">
    <system-out><![CDATA[2026-03-21T11:22:41.488+03:00  INFO 29412 --- [           main] t.c.s.AnnotationConfigContextLoaderUtils : Could not detect default configuration classes for test class [com.example.webapp.integration.BackendScenariosIntegrationTest]: BackendScenariosIntegrationTest does not declare any static, non-private, non-final, nested classes annotated with @Configuration.
2026-03-21T11:22:41.494+03:00  INFO 29412 --- [           main] .b.t.c.SpringBootTestContextBootstrapper : Found @SpringBootConfiguration com.example.webapp.PreferencesBackendApplication for test class com.example.webapp.integration.BackendScenariosIntegrationTest

  .   ____          _            __ _ _
 /\\ / ___'_ __ _ _(_)_ __  __ _ \ \ \ \
( ( )\___ | '_ | '_| | '_ \/ _` | \ \ \ \
 \\/  ___)| |_)| | | | | || (_| |  ) ) ) )
  '  |____| .__|_| |_|_| |_\__, | / / / /
 =========|_|==============|___/=/_/_/_/
 :: Spring Boot ::                (v3.1.3)

2026-03-21T11:22:41.530+03:00  INFO 29412 --- [           main] c.e.w.i.BackendScenariosIntegrationTest  : Starting BackendScenariosIntegrationTest using Java 21.0.6 with PID 29412 (started by gamin in C:\projects\teachers_preferences\backend)
2026-03-21T11:22:41.530+03:00  INFO 29412 --- [           main] c.e.w.i.BackendScenariosIntegrationTest  : No active profile set, falling back to 1 default profile: "default"
2026-03-21T11:22:41.819+03:00  INFO 29412 --- [           main] .s.d.r.c.RepositoryConfigurationDelegate : Bootstrapping Spring Data JPA repositories in DEFAULT mode.
2026-03-21T11:22:41.872+03:00  INFO 29412 --- [           main] .s.d.r.c.RepositoryConfigurationDelegate : Finished Spring Data repository scanning in 43 ms. Found 3 JPA repository interfaces.
2026-03-21T11:22:41.962+03:00  INFO 29412 --- [           main] beddedDataSourceBeanFactoryPostProcessor : Replacing 'dataSource' DataSource bean with embedded version
2026-03-21T11:22:42.310+03:00  INFO 29412 --- [           main] o.s.b.w.embedded.tomcat.TomcatWebServer  : Tomcat initialized with port(s): 0 (http)
2026-03-21T11:22:42.323+03:00  INFO 29412 --- [           main] o.apache.catalina.core.StandardService   : Starting service [Tomcat]
2026-03-21T11:22:42.323+03:00  INFO 29412 --- [           main] o.apache.catalina.core.StandardEngine    : Starting Servlet engine: [Apache Tomcat/10.1.12]
2026-03-21T11:22:42.430+03:00  INFO 29412 --- [           main] o.a.c.c.C.[Tomcat].[localhost].[/]       : Initializing Spring embedded WebApplicationContext
2026-03-21T11:22:42.430+03:00  INFO 29412 --- [           main] w.s.c.ServletWebServerApplicationContext : Root WebApplicationContext: initialization completed in 899 ms
2026-03-21T11:22:42.468+03:00  INFO 29412 --- [           main] o.s.j.d.e.EmbeddedDatabaseFactory        : Starting embedded database: url='jdbc:h2:mem:b0f49ea5-ab54-47c4-bee8-dd9ed13aa24d;DB_CLOSE_DELAY=-1;DB_CLOSE_ON_EXIT=false', username='sa'
2026-03-21T11:22:42.895+03:00  INFO 29412 --- [           main] o.hibernate.jpa.internal.util.LogHelper  : HHH000204: Processing PersistenceUnitInfo [name: default]
2026-03-21T11:22:42.990+03:00  INFO 29412 --- [           main] org.hibernate.Version                    : HHH000412: Hibernate ORM core version 6.2.7.Final
2026-03-21T11:22:42.993+03:00  INFO 29412 --- [           main] org.hibernate.cfg.Environment            : HHH000406: Using bytecode reflection optimizer
2026-03-21T11:22:43.192+03:00  INFO 29412 --- [           main] o.h.b.i.BytecodeProviderInitiator        : HHH000021: Bytecode provider name : bytebuddy
2026-03-21T11:22:43.194+03:00  INFO 29412 --- [           main] o.s.o.j.p.SpringPersistenceUnitInfo      : No LoadTimeWeaver setup: ignoring JPA class transformer
2026-03-21T11:22:43.266+03:00  WARN 29412 --- [           main] org.hibernate.dialect.Dialect            : HHH000511: The 2.1.0 version for [org.hibernate.dialect.PostgreSQLDialect] is no longer supported, hence certain features may not work properly. The minimum supported version is 10.0.0. Check the community dialects project for available legacy versions.
2026-03-21T11:22:43.600+03:00  INFO 29412 --- [           main] o.h.b.i.BytecodeProviderInitiator        : HHH000021: Bytecode provider name : bytebuddy
2026-03-21T11:22:44.234+03:00  INFO 29412 --- [           main] o.h.e.t.j.p.i.JtaPlatformInitiator       : HHH000490: Using JtaPlatform implementation: [org.hibernate.engine.transaction.jta.platform.internal.NoJtaPlatform]
Hibernate: alter table if exists preferences drop constraint if exists FKa3m46o9d1garl7om5blch2smv
Hibernate: drop table if exists preferences cascade
Hibernate: drop table if exists teachers cascade
Hibernate: drop table if exists users cascade
Hibernate: create table preferences (board_type_priority integer, building_room_priority integer, comments_priority integer, computers_priority integer, days_priority integer, format_priority integer, load_type_priority integer, times_priority integer, id bigserial not null, teacher_id bigint not null, avoid_dates varchar(255), board_type varchar(255), building_room varchar(255), comments varchar(255), computers varchar(255), days varchar(255), format varchar(255), groups varchar(255), load_type varchar(255), new_year_pref varchar(255), preferred_dates varchar(255), subject varchar(255), times varchar(255), type varchar(255) not null, primary key (id))
Hibernate: create table teachers (id bigserial not null, user_id bigint not null, contact_login varchar(255) not null unique, name varchar(255) not null, primary key (id))
Hibernate: create table users (id bigserial not null, full_name varchar(255), login varchar(255) not null unique, password_hash varchar(255), role varchar(255) check (role in ('ADMIN','TEACHER')), primary key (id))
Hibernate: alter table if exists preferences add constraint FKa3m46o9d1garl7om5blch2smv foreign key (teacher_id) references teachers
2026-03-21T11:22:44.299+03:00  INFO 29412 --- [           main] j.LocalContainerEntityManagerFactoryBean : Initialized JPA EntityManagerFactory for persistence unit 'default'
2026-03-21T11:22:44.768+03:00  WARN 29412 --- [           main] JpaBaseConfiguration$JpaWebConfiguration : spring.jpa.open-in-view is enabled by default. Therefore, database queries may be performed during view rendering. Explicitly configure spring.jpa.open-in-view to disable this warning
2026-03-21T11:22:44.842+03:00  INFO 29412 --- [           main] o.s.s.web.DefaultSecurityFilterChain     : Will secure any request with [org.springframework.security.web.session.DisableEncodeUrlFilter@2ff70947, org.springframework.security.web.context.request.async.WebAsyncManagerIntegrationFilter@9ed9769, org.springframework.security.web.context.SecurityContextHolderFilter@70cf24b1, org.springframework.security.web.header.HeaderWriterFilter@44deaadc, org.springframework.web.filter.CorsFilter@1294bcb1, org.springframework.security.web.authentication.logout.LogoutFilter@4b2e7daa, com.example.webapp.security.JwtAuthFilter@4ef408da, org.springframework.security.web.savedrequest.RequestCacheAwareFilter@41f6e83e, org.springframework.security.web.servletapi.SecurityContextHolderAwareRequestFilter@6326b5ce, org.springframework.security.web.authentication.AnonymousAuthenticationFilter@14906e8f, org.springframework.security.web.session.SessionManagementFilter@52ce7094, org.springframework.security.web.access.ExceptionTranslationFilter@598f6591, org.springframework.security.web.access.intercept.AuthorizationFilter@3b97b2ae]
2026-03-21T11:22:44.960+03:00  INFO 29412 --- [           main] o.s.b.w.embedded.tomcat.TomcatWebServer  : Tomcat started on port(s): 59500 (http) with context path ''
2026-03-21T11:22:44.960+03:00  INFO 29412 --- [           main] c.e.w.i.BackendScenariosIntegrationTest  : Started BackendScenariosIntegrationTest in 3.464 seconds (process running for 9.447)
Hibernate: select u1_0.id from users u1_0 where u1_0.login=? fetch first ? rows only
Hibernate: insert into users (full_name,login,password_hash,role) values (?,?,?,?)
==> Создан пользователь admin/admin с ролью ADMIN
2026-03-21T11:22:45.336+03:00  INFO 29412 --- [o-auto-1-exec-1] o.a.c.c.C.[Tomcat].[localhost].[/]       : Initializing Spring DispatcherServlet 'dispatcherServlet'
2026-03-21T11:22:45.336+03:00  INFO 29412 --- [o-auto-1-exec-1] o.s.web.servlet.DispatcherServlet        : Initializing Servlet 'dispatcherServlet'
2026-03-21T11:22:45.336+03:00  INFO 29412 --- [o-auto-1-exec-1] o.s.web.servlet.DispatcherServlet        : Completed initialization in 0 ms
2026-03-21T11:22:45.348+03:00 DEBUG 29412 --- [o-auto-1-exec-1] o.s.security.web.FilterChainProxy        : Securing POST /api/auth/register
2026-03-21T11:22:45.358+03:00 DEBUG 29412 --- [o-auto-1-exec-1] o.s.s.w.a.AnonymousAuthenticationFilter  : Set SecurityContextHolder to anonymous SecurityContext
2026-03-21T11:22:45.360+03:00 DEBUG 29412 --- [o-auto-1-exec-1] o.s.security.web.FilterChainProxy        : Secured POST /api/auth/register
Hibernate: select u1_0.id from users u1_0 where u1_0.login=? fetch first ? rows only
Hibernate: insert into users (full_name,login,password_hash,role) values (?,?,?,?)
Hibernate: insert into teachers (contact_login,name,user_id) values (?,?,?)
2026-03-21T11:22:45.527+03:00 DEBUG 29412 --- [o-auto-1-exec-2] o.s.security.web.FilterChainProxy        : Securing POST /api/auth/login
2026-03-21T11:22:45.527+03:00 DEBUG 29412 --- [o-auto-1-exec-2] o.s.s.w.a.AnonymousAuthenticationFilter  : Set SecurityContextHolder to anonymous SecurityContext
2026-03-21T11:22:45.528+03:00 DEBUG 29412 --- [o-auto-1-exec-2] o.s.security.web.FilterChainProxy        : Secured POST /api/auth/login
Hibernate: select u1_0.id,u1_0.full_name,u1_0.login,u1_0.password_hash,u1_0.role from users u1_0 where u1_0.login=?
2026-03-21T11:22:45.656+03:00 DEBUG 29412 --- [o-auto-1-exec-2] o.s.s.a.dao.DaoAuthenticationProvider    : Authenticated user
Hibernate: select u1_0.id,u1_0.full_name,u1_0.login,u1_0.password_hash,u1_0.role from users u1_0 where u1_0.login=?
2026-03-21T11:22:45.712+03:00 DEBUG 29412 --- [o-auto-1-exec-3] o.s.security.web.FilterChainProxy        : Securing POST /api/teacher/preferences
Hibernate: select u1_0.id,u1_0.full_name,u1_0.login,u1_0.password_hash,u1_0.role from users u1_0 where u1_0.login=?
2026-03-21T11:22:45.750+03:00 DEBUG 29412 --- [o-auto-1-exec-3] o.s.security.web.FilterChainProxy        : Secured POST /api/teacher/preferences
Hibernate: select t1_0.id,t1_0.contact_login,t1_0.name,t1_0.user_id from teachers t1_0 where t1_0.user_id=?
Hibernate: select p1_0.id,p1_0.avoid_dates,p1_0.board_type,p1_0.board_type_priority,p1_0.building_room,p1_0.building_room_priority,p1_0.comments,p1_0.comments_priority,p1_0.computers,p1_0.computers_priority,p1_0.days,p1_0.days_priority,p1_0.format,p1_0.format_priority,p1_0.groups,p1_0.load_type,p1_0.load_type_priority,p1_0.new_year_pref,p1_0.preferred_dates,p1_0.subject,p1_0.teacher_id,p1_0.times,p1_0.times_priority,p1_0.type from preferences p1_0 where p1_0.teacher_id=? and p1_0.type=?
Hibernate: insert into preferences (avoid_dates,board_type,board_type_priority,building_room,building_room_priority,comments,comments_priority,computers,computers_priority,days,days_priority,format,format_priority,groups,load_type,load_type_priority,new_year_pref,preferred_dates,subject,teacher_id,times,times_priority,type) values (?,?,?,?,?,?,?,?,?,?,?,?,?,?,?,?,?,?,?,?,?,?,?)
Hibernate: insert into preferences (avoid_dates,board_type,board_type_priority,building_room,building_room_priority,comments,comments_priority,computers,computers_priority,days,days_priority,format,format_priority,groups,load_type,load_type_priority,new_year_pref,preferred_dates,subject,teacher_id,times,times_priority,type) values (?,?,?,?,?,?,?,?,?,?,?,?,?,?,?,?,?,?,?,?,?,?,?)
2026-03-21T11:22:45.773+03:00 DEBUG 29412 --- [o-auto-1-exec-4] o.s.security.web.FilterChainProxy        : Securing GET /api/teacher/preferences?type=semester
Hibernate: select u1_0.id,u1_0.full_name,u1_0.login,u1_0.password_hash,u1_0.role from users u1_0 where u1_0.login=?
2026-03-21T11:22:45.781+03:00 DEBUG 29412 --- [o-auto-1-exec-4] o.s.security.web.FilterChainProxy        : Secured GET /api/teacher/preferences?type=semester
Hibernate: select t1_0.id,t1_0.contact_login,t1_0.name,t1_0.user_id from teachers t1_0 where t1_0.user_id=?
Hibernate: select p1_0.id,p1_0.avoid_dates,p1_0.board_type,p1_0.board_type_priority,p1_0.building_room,p1_0.building_room_priority,p1_0.comments,p1_0.comments_priority,p1_0.computers,p1_0.computers_priority,p1_0.days,p1_0.days_priority,p1_0.format,p1_0.format_priority,p1_0.groups,p1_0.load_type,p1_0.load_type_priority,p1_0.new_year_pref,p1_0.preferred_dates,p1_0.subject,p1_0.teacher_id,p1_0.times,p1_0.times_priority,p1_0.type from preferences p1_0 where p1_0.teacher_id=? and p1_0.type=?
]]></system-out>
  </testcase>
  <testcase name="scenario04_teacherCanSaveSemesterPreference" classname="com.example.webapp.integration.BackendScenariosIntegrationTest" time="0.187">
    <system-out><![CDATA[2026-03-21T11:22:45.811+03:00 DEBUG 29412 --- [o-auto-1-exec-5] o.s.security.web.FilterChainProxy        : Securing POST /api/auth/register
2026-03-21T11:22:45.811+03:00 DEBUG 29412 --- [o-auto-1-exec-5] o.s.s.w.a.AnonymousAuthenticationFilter  : Set SecurityContextHolder to anonymous SecurityContext
2026-03-21T11:22:45.811+03:00 DEBUG 29412 --- [o-auto-1-exec-5] o.s.security.web.FilterChainProxy        : Secured POST /api/auth/register
Hibernate: select u1_0.id from users u1_0 where u1_0.login=? fetch first ? rows only
Hibernate: insert into users (full_name,login,password_hash,role) values (?,?,?,?)
Hibernate: insert into teachers (contact_login,name,user_id) values (?,?,?)
2026-03-21T11:22:45.891+03:00 DEBUG 29412 --- [o-auto-1-exec-6] o.s.security.web.FilterChainProxy        : Securing POST /api/auth/login
2026-03-21T11:22:45.891+03:00 DEBUG 29412 --- [o-auto-1-exec-6] o.s.s.w.a.AnonymousAuthenticationFilter  : Set SecurityContextHolder to anonymous SecurityContext
2026-03-21T11:22:45.891+03:00 DEBUG 29412 --- [o-auto-1-exec-6] o.s.security.web.FilterChainProxy        : Secured POST /api/auth/login
Hibernate: select u1_0.id,u1_0.full_name,u1_0.login,u1_0.password_hash,u1_0.role from users u1_0 where u1_0.login=?
2026-03-21T11:22:45.954+03:00 DEBUG 29412 --- [o-auto-1-exec-6] o.s.s.a.dao.DaoAuthenticationProvider    : Authenticated user
Hibernate: select u1_0.id,u1_0.full_name,u1_0.login,u1_0.password_hash,u1_0.role from users u1_0 where u1_0.login=?
2026-03-21T11:22:45.973+03:00 DEBUG 29412 --- [o-auto-1-exec-7] o.s.security.web.FilterChainProxy        : Securing POST /api/teacher/preferences
Hibernate: select u1_0.id,u1_0.full_name,u1_0.login,u1_0.password_hash,u1_0.role from users u1_0 where u1_0.login=?
2026-03-21T11:22:45.973+03:00 DEBUG 29412 --- [o-auto-1-exec-7] o.s.security.web.FilterChainProxy        : Secured POST /api/teacher/preferences
Hibernate: select t1_0.id,t1_0.contact_login,t1_0.name,t1_0.user_id from teachers t1_0 where t1_0.user_id=?
Hibernate: select p1_0.id,p1_0.avoid_dates,p1_0.board_type,p1_0.board_type_priority,p1_0.building_room,p1_0.building_room_priority,p1_0.comments,p1_0.comments_priority,p1_0.computers,p1_0.computers_priority,p1_0.days,p1_0.days_priority,p1_0.format,p1_0.format_priority,p1_0.groups,p1_0.load_type,p1_0.load_type_priority,p1_0.new_year_pref,p1_0.preferred_dates,p1_0.subject,p1_0.teacher_id,p1_0.times,p1_0.times_priority,p1_0.type from preferences p1_0 where p1_0.teacher_id=? and p1_0.type=?
Hibernate: insert into preferences (avoid_dates,board_type,board_type_priority,building_room,building_room_priority,comments,comments_priority,computers,computers_priority,days,days_priority,format,format_priority,groups,load_type,load_type_priority,new_year_pref,preferred_dates,subject,teacher_id,times,times_priority,type) values (?,?,?,?,?,?,?,?,?,?,?,?,?,?,?,?,?,?,?,?,?,?,?)
]]></system-out>
  </testcase>
  <testcase name="scenario08_teacherSessionAndSemesterSeparated" classname="com.example.webapp.integration.BackendScenariosIntegrationTest" time="0.236">
    <system-out><![CDATA[2026-03-21T11:22:46.004+03:00 DEBUG 29412 --- [o-auto-1-exec-8] o.s.security.web.FilterChainProxy        : Securing POST /api/auth/register
2026-03-21T11:22:46.006+03:00 DEBUG 29412 --- [o-auto-1-exec-8] o.s.s.w.a.AnonymousAuthenticationFilter  : Set SecurityContextHolder to anonymous SecurityContext
2026-03-21T11:22:46.006+03:00 DEBUG 29412 --- [o-auto-1-exec-8] o.s.security.web.FilterChainProxy        : Secured POST /api/auth/register
Hibernate: select u1_0.id from users u1_0 where u1_0.login=? fetch first ? rows only
Hibernate: insert into users (full_name,login,password_hash,role) values (?,?,?,?)
Hibernate: insert into teachers (contact_login,name,user_id) values (?,?,?)
2026-03-21T11:22:46.090+03:00 DEBUG 29412 --- [o-auto-1-exec-9] o.s.security.web.FilterChainProxy        : Securing POST /api/auth/login
2026-03-21T11:22:46.090+03:00 DEBUG 29412 --- [o-auto-1-exec-9] o.s.s.w.a.AnonymousAuthenticationFilter  : Set SecurityContextHolder to anonymous SecurityContext
2026-03-21T11:22:46.090+03:00 DEBUG 29412 --- [o-auto-1-exec-9] o.s.security.web.FilterChainProxy        : Secured POST /api/auth/login
Hibernate: select u1_0.id,u1_0.full_name,u1_0.login,u1_0.password_hash,u1_0.role from users u1_0 where u1_0.login=?
2026-03-21T11:22:46.145+03:00 DEBUG 29412 --- [o-auto-1-exec-9] o.s.s.a.dao.DaoAuthenticationProvider    : Authenticated user
Hibernate: select u1_0.id,u1_0.full_name,u1_0.login,u1_0.password_hash,u1_0.role from users u1_0 where u1_0.login=?
2026-03-21T11:22:46.159+03:00 DEBUG 29412 --- [-auto-1-exec-10] o.s.security.web.FilterChainProxy        : Securing POST /api/teacher/preferences
Hibernate: select u1_0.id,u1_0.full_name,u1_0.login,u1_0.password_hash,u1_0.role from users u1_0 where u1_0.login=?
2026-03-21T11:22:46.164+03:00 DEBUG 29412 --- [-auto-1-exec-10] o.s.security.web.FilterChainProxy        : Secured POST /api/teacher/preferences
Hibernate: select t1_0.id,t1_0.contact_login,t1_0.name,t1_0.user_id from teachers t1_0 where t1_0.user_id=?
Hibernate: select p1_0.id,p1_0.avoid_dates,p1_0.board_type,p1_0.board_type_priority,p1_0.building_room,p1_0.building_room_priority,p1_0.comments,p1_0.comments_priority,p1_0.computers,p1_0.computers_priority,p1_0.days,p1_0.days_priority,p1_0.format,p1_0.format_priority,p1_0.groups,p1_0.load_type,p1_0.load_type_priority,p1_0.new_year_pref,p1_0.preferred_dates,p1_0.subject,p1_0.teacher_id,p1_0.times,p1_0.times_priority,p1_0.type from preferences p1_0 where p1_0.teacher_id=? and p1_0.type=?
Hibernate: insert into preferences (avoid_dates,board_type,board_type_priority,building_room,building_room_priority,comments,comments_priority,computers,computers_priority,days,days_priority,format,format_priority,groups,load_type,load_type_priority,new_year_pref,preferred_dates,subject,teacher_id,times,times_priority,type) values (?,?,?,?,?,?,?,?,?,?,?,?,?,?,?,?,?,?,?,?,?,?,?)
2026-03-21T11:22:46.192+03:00 DEBUG 29412 --- [o-auto-1-exec-1] o.s.security.web.FilterChainProxy        : Securing POST /api/teacher/preferences
Hibernate: select u1_0.id,u1_0.full_name,u1_0.login,u1_0.password_hash,u1_0.role from users u1_0 where u1_0.login=?
2026-03-21T11:22:46.196+03:00 DEBUG 29412 --- [o-auto-1-exec-1] o.s.security.web.FilterChainProxy        : Secured POST /api/teacher/preferences
Hibernate: select t1_0.id,t1_0.contact_login,t1_0.name,t1_0.user_id from teachers t1_0 where t1_0.user_id=?
Hibernate: select p1_0.id,p1_0.avoid_dates,p1_0.board_type,p1_0.board_type_priority,p1_0.building_room,p1_0.building_room_priority,p1_0.comments,p1_0.comments_priority,p1_0.computers,p1_0.computers_priority,p1_0.days,p1_0.days_priority,p1_0.format,p1_0.format_priority,p1_0.groups,p1_0.load_type,p1_0.load_type_priority,p1_0.new_year_pref,p1_0.preferred_dates,p1_0.subject,p1_0.teacher_id,p1_0.times,p1_0.times_priority,p1_0.type from preferences p1_0 where p1_0.teacher_id=? and p1_0.type=?
Hibernate: insert into preferences (avoid_dates,board_type,board_type_priority,building_room,building_room_priority,comments,comments_priority,computers,computers_priority,days,days_priority,format,format_priority,groups,load_type,load_type_priority,new_year_pref,preferred_dates,subject,teacher_id,times,times_priority,type) values (?,?,?,?,?,?,?,?,?,?,?,?,?,?,?,?,?,?,?,?,?,?,?)
2026-03-21T11:22:46.206+03:00 DEBUG 29412 --- [o-auto-1-exec-2] o.s.security.web.FilterChainProxy        : Securing GET /api/teacher/preferences?type=semester
Hibernate: select u1_0.id,u1_0.full_name,u1_0.login,u1_0.password_hash,u1_0.role from users u1_0 where u1_0.login=?
2026-03-21T11:22:46.211+03:00 DEBUG 29412 --- [o-auto-1-exec-2] o.s.security.web.FilterChainProxy        : Secured GET /api/teacher/preferences?type=semester
Hibernate: select t1_0.id,t1_0.contact_login,t1_0.name,t1_0.user_id from teachers t1_0 where t1_0.user_id=?
Hibernate: select p1_0.id,p1_0.avoid_dates,p1_0.board_type,p1_0.board_type_priority,p1_0.building_room,p1_0.building_room_priority,p1_0.comments,p1_0.comments_priority,p1_0.computers,p1_0.computers_priority,p1_0.days,p1_0.days_priority,p1_0.format,p1_0.format_priority,p1_0.groups,p1_0.load_type,p1_0.load_type_priority,p1_0.new_year_pref,p1_0.preferred_dates,p1_0.subject,p1_0.teacher_id,p1_0.times,p1_0.times_priority,p1_0.type from preferences p1_0 where p1_0.teacher_id=? and p1_0.type=?
2026-03-21T11:22:46.218+03:00 DEBUG 29412 --- [o-auto-1-exec-3] o.s.security.web.FilterChainProxy        : Securing GET /api/teacher/preferences?type=session
Hibernate: select u1_0.id,u1_0.full_name,u1_0.login,u1_0.password_hash,u1_0.role from users u1_0 where u1_0.login=?
2026-03-21T11:22:46.224+03:00 DEBUG 29412 --- [o-auto-1-exec-3] o.s.security.web.FilterChainProxy        : Secured GET /api/teacher/preferences?type=session
Hibernate: select t1_0.id,t1_0.contact_login,t1_0.name,t1_0.user_id from teachers t1_0 where t1_0.user_id=?
Hibernate: select p1_0.id,p1_0.avoid_dates,p1_0.board_type,p1_0.board_type_priority,p1_0.building_room,p1_0.building_room_priority,p1_0.comments,p1_0.comments_priority,p1_0.computers,p1_0.computers_priority,p1_0.days,p1_0.days_priority,p1_0.format,p1_0.format_priority,p1_0.groups,p1_0.load_type,p1_0.load_type_priority,p1_0.new_year_pref,p1_0.preferred_dates,p1_0.subject,p1_0.teacher_id,p1_0.times,p1_0.times_priority,p1_0.type from preferences p1_0 where p1_0.teacher_id=? and p1_0.type=?
]]></system-out>
  </testcase>
  <testcase name="scenario06_replaceByTypeBehaviorWorks" classname="com.example.webapp.integration.BackendScenariosIntegrationTest" time="0.232">
    <system-out><![CDATA[2026-03-21T11:22:46.241+03:00 DEBUG 29412 --- [o-auto-1-exec-4] o.s.security.web.FilterChainProxy        : Securing POST /api/auth/register
2026-03-21T11:22:46.243+03:00 DEBUG 29412 --- [o-auto-1-exec-4] o.s.s.w.a.AnonymousAuthenticationFilter  : Set SecurityContextHolder to anonymous SecurityContext
2026-03-21T11:22:46.243+03:00 DEBUG 29412 --- [o-auto-1-exec-4] o.s.security.web.FilterChainProxy        : Secured POST /api/auth/register
Hibernate: select u1_0.id from users u1_0 where u1_0.login=? fetch first ? rows only
Hibernate: insert into users (full_name,login,password_hash,role) values (?,?,?,?)
Hibernate: insert into teachers (contact_login,name,user_id) values (?,?,?)
2026-03-21T11:22:46.323+03:00 DEBUG 29412 --- [o-auto-1-exec-5] o.s.security.web.FilterChainProxy        : Securing POST /api/auth/login
2026-03-21T11:22:46.323+03:00 DEBUG 29412 --- [o-auto-1-exec-5] o.s.s.w.a.AnonymousAuthenticationFilter  : Set SecurityContextHolder to anonymous SecurityContext
2026-03-21T11:22:46.325+03:00 DEBUG 29412 --- [o-auto-1-exec-5] o.s.security.web.FilterChainProxy        : Secured POST /api/auth/login
Hibernate: select u1_0.id,u1_0.full_name,u1_0.login,u1_0.password_hash,u1_0.role from users u1_0 where u1_0.login=?
2026-03-21T11:22:46.386+03:00 DEBUG 29412 --- [o-auto-1-exec-5] o.s.s.a.dao.DaoAuthenticationProvider    : Authenticated user
Hibernate: select u1_0.id,u1_0.full_name,u1_0.login,u1_0.password_hash,u1_0.role from users u1_0 where u1_0.login=?
2026-03-21T11:22:46.407+03:00 DEBUG 29412 --- [o-auto-1-exec-6] o.s.security.web.FilterChainProxy        : Securing POST /api/teacher/preferences
Hibernate: select u1_0.id,u1_0.full_name,u1_0.login,u1_0.password_hash,u1_0.role from users u1_0 where u1_0.login=?
2026-03-21T11:22:46.413+03:00 DEBUG 29412 --- [o-auto-1-exec-6] o.s.security.web.FilterChainProxy        : Secured POST /api/teacher/preferences
Hibernate: select t1_0.id,t1_0.contact_login,t1_0.name,t1_0.user_id from teachers t1_0 where t1_0.user_id=?
Hibernate: select p1_0.id,p1_0.avoid_dates,p1_0.board_type,p1_0.board_type_priority,p1_0.building_room,p1_0.building_room_priority,p1_0.comments,p1_0.comments_priority,p1_0.computers,p1_0.computers_priority,p1_0.days,p1_0.days_priority,p1_0.format,p1_0.format_priority,p1_0.groups,p1_0.load_type,p1_0.load_type_priority,p1_0.new_year_pref,p1_0.preferred_dates,p1_0.subject,p1_0.teacher_id,p1_0.times,p1_0.times_priority,p1_0.type from preferences p1_0 where p1_0.teacher_id=? and p1_0.type=?
Hibernate: insert into preferences (avoid_dates,board_type,board_type_priority,building_room,building_room_priority,comments,comments_priority,computers,computers_priority,days,days_priority,format,format_priority,groups,load_type,load_type_priority,new_year_pref,preferred_dates,subject,teacher_id,times,times_priority,type) values (?,?,?,?,?,?,?,?,?,?,?,?,?,?,?,?,?,?,?,?,?,?,?)
2026-03-21T11:22:46.426+03:00 DEBUG 29412 --- [o-auto-1-exec-7] o.s.security.web.FilterChainProxy        : Securing POST /api/teacher/preferences
Hibernate: select u1_0.id,u1_0.full_name,u1_0.login,u1_0.password_hash,u1_0.role from users u1_0 where u1_0.login=?
2026-03-21T11:22:46.428+03:00 DEBUG 29412 --- [o-auto-1-exec-7] o.s.security.web.FilterChainProxy        : Secured POST /api/teacher/preferences
Hibernate: select t1_0.id,t1_0.contact_login,t1_0.name,t1_0.user_id from teachers t1_0 where t1_0.user_id=?
Hibernate: select p1_0.id,p1_0.avoid_dates,p1_0.board_type,p1_0.board_type_priority,p1_0.building_room,p1_0.building_room_priority,p1_0.comments,p1_0.comments_priority,p1_0.computers,p1_0.computers_priority,p1_0.days,p1_0.days_priority,p1_0.format,p1_0.format_priority,p1_0.groups,p1_0.load_type,p1_0.load_type_priority,p1_0.new_year_pref,p1_0.preferred_dates,p1_0.subject,p1_0.teacher_id,p1_0.times,p1_0.times_priority,p1_0.type from preferences p1_0 where p1_0.teacher_id=? and p1_0.type=?
Hibernate: insert into preferences (avoid_dates,board_type,board_type_priority,building_room,building_room_priority,comments,comments_priority,computers,computers_priority,days,days_priority,format,format_priority,groups,load_type,load_type_priority,new_year_pref,preferred_dates,subject,teacher_id,times,times_priority,type) values (?,?,?,?,?,?,?,?,?,?,?,?,?,?,?,?,?,?,?,?,?,?,?)
Hibernate: delete from preferences where id=?
2026-03-21T11:22:46.450+03:00 DEBUG 29412 --- [o-auto-1-exec-8] o.s.security.web.FilterChainProxy        : Securing GET /api/teacher/preferences?type=session
Hibernate: select u1_0.id,u1_0.full_name,u1_0.login,u1_0.password_hash,u1_0.role from users u1_0 where u1_0.login=?
2026-03-21T11:22:46.454+03:00 DEBUG 29412 --- [o-auto-1-exec-8] o.s.security.web.FilterChainProxy        : Secured GET /api/teacher/preferences?type=session
Hibernate: select t1_0.id,t1_0.contact_login,t1_0.name,t1_0.user_id from teachers t1_0 where t1_0.user_id=?
Hibernate: select p1_0.id,p1_0.avoid_dates,p1_0.board_type,p1_0.board_type_priority,p1_0.building_room,p1_0.building_room_priority,p1_0.comments,p1_0.comments_priority,p1_0.computers,p1_0.computers_priority,p1_0.days,p1_0.days_priority,p1_0.format,p1_0.format_priority,p1_0.groups,p1_0.load_type,p1_0.load_type_priority,p1_0.new_year_pref,p1_0.preferred_dates,p1_0.subject,p1_0.teacher_id,p1_0.times,p1_0.times_priority,p1_0.type from preferences p1_0 where p1_0.teacher_id=? and p1_0.type=?
]]></system-out>
  </testcase>
  <testcase name="scenario02_loginWithWrongPasswordReturnsUnauthorized" classname="com.example.webapp.integration.BackendScenariosIntegrationTest" time="0.142">
    <system-out><![CDATA[2026-03-21T11:22:46.475+03:00 DEBUG 29412 --- [o-auto-1-exec-9] o.s.security.web.FilterChainProxy        : Securing POST /api/auth/register
2026-03-21T11:22:46.475+03:00 DEBUG 29412 --- [o-auto-1-exec-9] o.s.s.w.a.AnonymousAuthenticationFilter  : Set SecurityContextHolder to anonymous SecurityContext
2026-03-21T11:22:46.475+03:00 DEBUG 29412 --- [o-auto-1-exec-9] o.s.security.web.FilterChainProxy        : Secured POST /api/auth/register
Hibernate: select u1_0.id from users u1_0 where u1_0.login=? fetch first ? rows only
Hibernate: insert into users (full_name,login,password_hash,role) values (?,?,?,?)
Hibernate: insert into teachers (contact_login,name,user_id) values (?,?,?)
2026-03-21T11:22:46.541+03:00 DEBUG 29412 --- [-auto-1-exec-10] o.s.security.web.FilterChainProxy        : Securing POST /api/auth/login
2026-03-21T11:22:46.541+03:00 DEBUG 29412 --- [-auto-1-exec-10] o.s.s.w.a.AnonymousAuthenticationFilter  : Set SecurityContextHolder to anonymous SecurityContext
2026-03-21T11:22:46.543+03:00 DEBUG 29412 --- [-auto-1-exec-10] o.s.security.web.FilterChainProxy        : Secured POST /api/auth/login
Hibernate: select u1_0.id,u1_0.full_name,u1_0.login,u1_0.password_hash,u1_0.role from users u1_0 where u1_0.login=?
2026-03-21T11:22:46.603+03:00 DEBUG 29412 --- [-auto-1-exec-10] o.s.s.a.dao.DaoAuthenticationProvider    : Failed to authenticate since password does not match stored value
]]></system-out>
  </testcase>
  <testcase name="scenario07_adminEndpointRejectsTeacherToken" classname="com.example.webapp.integration.BackendScenariosIntegrationTest" time="0.184">
    <system-out><![CDATA[2026-03-21T11:22:46.611+03:00 DEBUG 29412 --- [o-auto-1-exec-1] o.s.security.web.FilterChainProxy        : Securing POST /api/auth/register
2026-03-21T11:22:46.611+03:00 DEBUG 29412 --- [o-auto-1-exec-1] o.s.s.w.a.AnonymousAuthenticationFilter  : Set SecurityContextHolder to anonymous SecurityContext
2026-03-21T11:22:46.611+03:00 DEBUG 29412 --- [o-auto-1-exec-1] o.s.security.web.FilterChainProxy        : Secured POST /api/auth/register
Hibernate: select u1_0.id from users u1_0 where u1_0.login=? fetch first ? rows only
Hibernate: insert into users (full_name,login,password_hash,role) values (?,?,?,?)
Hibernate: insert into teachers (contact_login,name,user_id) values (?,?,?)
2026-03-21T11:22:46.708+03:00 DEBUG 29412 --- [o-auto-1-exec-2] o.s.security.web.FilterChainProxy        : Securing POST /api/auth/login
2026-03-21T11:22:46.708+03:00 DEBUG 29412 --- [o-auto-1-exec-2] o.s.s.w.a.AnonymousAuthenticationFilter  : Set SecurityContextHolder to anonymous SecurityContext
2026-03-21T11:22:46.708+03:00 DEBUG 29412 --- [o-auto-1-exec-2] o.s.security.web.FilterChainProxy        : Secured POST /api/auth/login
Hibernate: select u1_0.id,u1_0.full_name,u1_0.login,u1_0.password_hash,u1_0.role from users u1_0 where u1_0.login=?
2026-03-21T11:22:46.770+03:00 DEBUG 29412 --- [o-auto-1-exec-2] o.s.s.a.dao.DaoAuthenticationProvider    : Authenticated user
Hibernate: select u1_0.id,u1_0.full_name,u1_0.login,u1_0.password_hash,u1_0.role from users u1_0 where u1_0.login=?
2026-03-21T11:22:46.775+03:00 DEBUG 29412 --- [o-auto-1-exec-3] o.s.security.web.FilterChainProxy        : Securing GET /api/admin/preferences
Hibernate: select u1_0.id,u1_0.full_name,u1_0.login,u1_0.password_hash,u1_0.role from users u1_0 where u1_0.login=?
2026-03-21T11:22:46.780+03:00 DEBUG 29412 --- [o-auto-1-exec-3] o.s.s.w.access.AccessDeniedHandlerImpl   : Responding with 403 status code
2026-03-21T11:22:46.780+03:00 DEBUG 29412 --- [o-auto-1-exec-3] o.s.security.web.FilterChainProxy        : Securing GET /error
2026-03-21T11:22:46.780+03:00 DEBUG 29412 --- [o-auto-1-exec-3] o.s.security.web.FilterChainProxy        : Secured GET /error
2026-03-21T11:22:46.791+03:00 DEBUG 29412 --- [o-auto-1-exec-3] o.s.s.w.a.AnonymousAuthenticationFilter  : Set SecurityContextHolder to anonymous SecurityContext
]]></system-out>
  </testcase>
  <testcase name="scenario03_teacherEndpointWithoutTokenIsUnauthorized" classname="com.example.webapp.integration.BackendScenariosIntegrationTest" time="0.007">
    <system-out><![CDATA[2026-03-21T11:22:46.796+03:00 DEBUG 29412 --- [o-auto-1-exec-4] o.s.security.web.FilterChainProxy        : Securing GET /api/teacher/preferences?type=semester
2026-03-21T11:22:46.796+03:00 DEBUG 29412 --- [o-auto-1-exec-4] o.s.s.w.a.AnonymousAuthenticationFilter  : Set SecurityContextHolder to anonymous SecurityContext
2026-03-21T11:22:46.797+03:00 DEBUG 29412 --- [o-auto-1-exec-4] o.s.s.w.a.Http403ForbiddenEntryPoint     : Pre-authenticated entry point called. Rejecting access
2026-03-21T11:22:46.797+03:00 DEBUG 29412 --- [o-auto-1-exec-4] o.s.security.web.FilterChainProxy        : Securing GET /error?type=semester
2026-03-21T11:22:46.798+03:00 DEBUG 29412 --- [o-auto-1-exec-4] o.s.security.web.FilterChainProxy        : Secured GET /error?type=semester
2026-03-21T11:22:46.800+03:00 DEBUG 29412 --- [o-auto-1-exec-4] o.s.s.w.a.AnonymousAuthenticationFilter  : Set SecurityContextHolder to anonymous SecurityContext
]]></system-out>
  </testcase>
  <testcase name="scenario01_duplicateRegistrationReturnsBadRequest" classname="com.example.webapp.integration.BackendScenariosIntegrationTest" time="0.085">
    <system-out><![CDATA[2026-03-21T11:22:46.808+03:00 DEBUG 29412 --- [o-auto-1-exec-5] o.s.security.web.FilterChainProxy        : Securing POST /api/auth/register
2026-03-21T11:22:46.808+03:00 DEBUG 29412 --- [o-auto-1-exec-5] o.s.s.w.a.AnonymousAuthenticationFilter  : Set SecurityContextHolder to anonymous SecurityContext
2026-03-21T11:22:46.809+03:00 DEBUG 29412 --- [o-auto-1-exec-5] o.s.security.web.FilterChainProxy        : Secured POST /api/auth/register
Hibernate: select u1_0.id from users u1_0 where u1_0.login=? fetch first ? rows only
Hibernate: insert into users (full_name,login,password_hash,role) values (?,?,?,?)
Hibernate: insert into teachers (contact_login,name,user_id) values (?,?,?)
2026-03-21T11:22:46.877+03:00 DEBUG 29412 --- [o-auto-1-exec-6] o.s.security.web.FilterChainProxy        : Securing POST /api/auth/register
2026-03-21T11:22:46.878+03:00 DEBUG 29412 --- [o-auto-1-exec-6] o.s.s.w.a.AnonymousAuthenticationFilter  : Set SecurityContextHolder to anonymous SecurityContext
2026-03-21T11:22:46.878+03:00 DEBUG 29412 --- [o-auto-1-exec-6] o.s.security.web.FilterChainProxy        : Secured POST /api/auth/register
Hibernate: select u1_0.id from users u1_0 where u1_0.login=? fetch first ? rows only
]]></system-out>
  </testcase>
</testsuite>