<?xml version="1.0" encoding="UTF-8"?>
<testsuite xmlns:xsi="http://www.w3.org/2001/XMLSchema-instance" xsi:noNamespaceSchemaLocation="https://maven.apache.org/surefire/maven-surefire-plugin/xsd/surefire-test-report-3.0.xsd" version="3.0" name="com.example.webapp.integration.BackendScenariosIntegrationTest" time="5.698" tests="8" errors="0" skipped="0" failures="0">
  <properties>
[...]
</properties>
  <testcase name="scenario05_saveThenGetReturnsSameCount" classname="com.example.webapp.integration.BackendScenariosIntegrationTest" time="0.62">
    <system-out><![CDATA[2026-03-21T10:45:55.580+03:00  INFO 23516 --- [           main] t.c.s.AnnotationConfigContextLoaderUtils : Could not detect default configuration classes for test class [com.example.webapp.integration.BackendScenariosIntegrationTest]: BackendScenariosIntegrationTest does not declare any static, non-private, non-final, nested classes annotated with @Configuration.
2026-03-21T10:45:55.590+03:00  INFO 23516 --- [           main] .b.t.c.SpringBootTestContextBootstrapper : Found @SpringBootConfiguration com.example.webapp.PreferencesBackendApplication for test class com.example.webapp.integration.BackendScenariosIntegrationTest

  .   ____          _            __ _ _
 /\\ / ___'_ __ _ _(_)_ __  __ _ \ \ \ \
( ( )\___ | '_ | '_| | '_ \/ _` | \ \ \ \
 \\/  ___)| |_)| | | | | || (_| |  ) ) ) )
  '  |____| .__|_| |_|_| |_\__, | / / / /
 =========|_|==============|___/=/_/_/_/
 :: Spring Boot ::                (v3.1.3)

2026-03-21T10:45:55.623+03:00  INFO 23516 --- [           main] c.e.w.i.BackendScenariosIntegrationTest  : Starting BackendScenariosIntegrationTest using Java 21.0.6 with PID 23516 (started by gamin in C:\projects\teachers_preferences\backend)
2026-03-21T10:45:55.623+03:00  INFO 23516 --- [           main] c.e.w.i.BackendScenariosIntegrationTest  : No active profile set, falling back to 1 default profile: "default"
2026-03-21T10:45:55.929+03:00  INFO 23516 --- [           main] .s.d.r.c.RepositoryConfigurationDelegate : Bootstrapping Spring Data JPA repositories in DEFAULT mode.
2026-03-21T10:45:55.987+03:00  INFO 23516 --- [           main] .s.d.r.c.RepositoryConfigurationDelegate : Finished Spring Data repository scanning in 46 ms. Found 3 JPA repository interfaces.
2026-03-21T10:45:56.084+03:00  INFO 23516 --- [           main] beddedDataSourceBeanFactoryPostProcessor : Replacing 'dataSource' DataSource bean with embedded version
2026-03-21T10:45:56.450+03:00  INFO 23516 --- [           main] o.s.b.w.embedded.tomcat.TomcatWebServer  : Tomcat initialized with port(s): 0 (http)
2026-03-21T10:45:56.464+03:00  INFO 23516 --- [           main] o.apache.catalina.core.StandardService   : Starting service [Tomcat]
2026-03-21T10:45:56.464+03:00  INFO 23516 --- [           main] o.apache.catalina.core.StandardEngine    : Starting Servlet engine: [Apache Tomcat/10.1.12]
2026-03-21T10:45:56.554+03:00  INFO 23516 --- [           main] o.a.c.c.C.[Tomcat].[localhost].[/]       : Initializing Spring embedded WebApplicationContext
2026-03-21T10:45:56.554+03:00  INFO 23516 --- [           main] w.s.c.ServletWebServerApplicationContext : Root WebApplicationContext: initialization completed in 929 ms
2026-03-21T10:45:56.597+03:00  INFO 23516 --- [           main] o.s.j.d.e.EmbeddedDatabaseFactory        : Starting embedded database: url='jdbc:h2:mem:882ec304-18e3-4ca1-94f0-0582f02e7002;DB_CLOSE_DELAY=-1;DB_CLOSE_ON_EXIT=false', username='sa'
2026-03-21T10:45:57.084+03:00  INFO 23516 --- [           main] o.hibernate.jpa.internal.util.LogHelper  : HHH000204: Processing PersistenceUnitInfo [name: default]
2026-03-21T10:45:57.176+03:00  INFO 23516 --- [           main] org.hibernate.Version                    : HHH000412: Hibernate ORM core version 6.2.7.Final
2026-03-21T10:45:57.180+03:00  INFO 23516 --- [           main] org.hibernate.cfg.Environment            : HHH000406: Using bytecode reflection optimizer
2026-03-21T10:45:57.401+03:00  INFO 23516 --- [           main] o.h.b.i.BytecodeProviderInitiator        : HHH000021: Bytecode provider name : bytebuddy
2026-03-21T10:45:57.415+03:00  INFO 23516 --- [           main] o.s.o.j.p.SpringPersistenceUnitInfo      : No LoadTimeWeaver setup: ignoring JPA class transformer
2026-03-21T10:45:57.473+03:00  WARN 23516 --- [           main] org.hibernate.dialect.Dialect            : HHH000511: The 2.1.0 version for [org.hibernate.dialect.PostgreSQLDialect] is no longer supported, hence certain features may not work properly. The minimum supported version is 10.0.0. Check the community dialects project for available legacy versions.
2026-03-21T10:45:57.891+03:00  INFO 23516 --- [           main] o.h.b.i.BytecodeProviderInitiator        : HHH000021: Bytecode provider name : bytebuddy
2026-03-21T10:45:58.518+03:00  INFO 23516 --- [           main] o.h.e.t.j.p.i.JtaPlatformInitiator       : HHH000490: Using JtaPlatform implementation: [org.hibernate.engine.transaction.jta.platform.internal.NoJtaPlatform]
Hibernate: alter table if exists preferences drop constraint if exists FKa3m46o9d1garl7om5blch2smv
Hibernate: drop table if exists preferences cascade
Hibernate: drop table if exists teachers cascade
Hibernate: drop table if exists users cascade
Hibernate: create table preferences (board_type_priority integer, building_room_priority integer, comments_priority integer, computers_priority integer, days_priority integer, format_priority integer, load_type_priority integer, times_priority integer, id bigserial not null, teacher_id bigint not null, avoid_dates varchar(255), board_type varchar(255), building_room varchar(255), comments varchar(255), computers varchar(255), days varchar(255), format varchar(255), groups varchar(255), load_type varchar(255), new_year_pref varchar(255), preferred_dates varchar(255), subject varchar(255), times varchar(255), type varchar(255) not null, primary key (id))
Hibernate: create table teachers (id bigserial not null, user_id bigint not null, contact_login varchar(255) not null unique, name varchar(255) not null, primary key (id))
Hibernate: create table users (id bigserial not null, full_name varchar(255), login varchar(255) not null unique, password_hash varchar(255), role varchar(255) check (role in ('ADMIN','TEACHER')), primary key (id))
Hibernate: alter table if exists preferences add constraint FKa3m46o9d1garl7om5blch2smv foreign key (teacher_id) references teachers
2026-03-21T10:45:58.584+03:00  INFO 23516 --- [           main] j.LocalContainerEntityManagerFactoryBean : Initialized JPA EntityManagerFactory for persistence unit 'default'
2026-03-21T10:45:59.047+03:00  WARN 23516 --- [           main] JpaBaseConfiguration$JpaWebConfiguration : spring.jpa.open-in-view is enabled by default. Therefore, database queries may be performed during view rendering. Explicitly configure spring.jpa.open-in-view to disable this warning
2026-03-21T10:45:59.113+03:00  INFO 23516 --- [           main] o.s.s.web.DefaultSecurityFilterChain     : Will secure any request with [org.springframework.security.web.session.DisableEncodeUrlFilter@1294bcb1, org.springframework.security.web.context.request.async.WebAsyncManagerIntegrationFilter@14906e8f, org.springframework.security.web.context.SecurityContextHolderFilter@6326b5ce, org.springframework.security.web.header.HeaderWriterFilter@52ce7094, org.springframework.web.filter.CorsFilter@3baf06b, org.springframework.security.web.authentication.logout.LogoutFilter@6b31915f, com.example.webapp.security.JwtAuthFilter@62a78882, org.springframework.security.web.savedrequest.RequestCacheAwareFilter@42cd23ee, org.springframework.security.web.servletapi.SecurityContextHolderAwareRequestFilter@4b2e7daa, org.springframework.security.web.authentication.AnonymousAuthenticationFilter@660979aa, org.springframework.security.web.session.SessionManagementFilter@41f6e83e, org.springframework.security.web.access.ExceptionTranslationFilter@4d8dfff9, org.springframework.security.web.access.intercept.AuthorizationFilter@9ed9769]
2026-03-21T10:45:59.239+03:00  INFO 23516 --- [           main] o.s.b.w.embedded.tomcat.TomcatWebServer  : Tomcat started on port(s): 52151 (http) with context path ''
2026-03-21T10:45:59.242+03:00  INFO 23516 --- [           main] c.e.w.i.BackendScenariosIntegrationTest  : Started BackendScenariosIntegrationTest in 3.644 seconds (process running for 10.133)
Hibernate: select u1_0.id from users u1_0 where u1_0.login=? fetch first ? rows only
Hibernate: insert into users (full_name,login,password_hash,role) values (?,?,?,?)
==> Создан пользователь admin/admin с ролью ADMIN
2026-03-21T10:45:59.695+03:00  INFO 23516 --- [o-auto-1-exec-1] o.a.c.c.C.[Tomcat].[localhost].[/]       : Initializing Spring DispatcherServlet 'dispatcherServlet'
2026-03-21T10:45:59.696+03:00  INFO 23516 --- [o-auto-1-exec-1] o.s.web.servlet.DispatcherServlet        : Initializing Servlet 'dispatcherServlet'
2026-03-21T10:45:59.696+03:00  INFO 23516 --- [o-auto-1-exec-1] o.s.web.servlet.DispatcherServlet        : Completed initialization in 0 ms
2026-03-21T10:45:59.702+03:00 DEBUG 23516 --- [o-auto-1-exec-1] o.s.security.web.FilterChainProxy        : Securing POST /api/auth/register
2026-03-21T10:45:59.710+03:00 DEBUG 23516 --- [o-auto-1-exec-1] o.s.s.w.a.AnonymousAuthenticationFilter  : Set SecurityContextHolder to anonymous SecurityContext
2026-03-21T10:45:59.714+03:00 DEBUG 23516 --- [o-auto-1-exec-1] o.s.security.web.FilterChainProxy        : Secured POST /api/auth/register
Hibernate: select u1_0.id from users u1_0 where u1_0.login=? fetch first ? rows only
Hibernate: insert into users (full_name,login,password_hash,role) values (?,?,?,?)
Hibernate: insert into teachers (contact_login,name,user_id) values (?,?,?)
2026-03-21T10:45:59.885+03:00 DEBUG 23516 --- [o-auto-1-exec-2] o.s.security.web.FilterChainProxy        : Securing POST /api/auth/login
2026-03-21T10:45:59.885+03:00 DEBUG 23516 --- [o-auto-1-exec-2] o.s.s.w.a.AnonymousAuthenticationFilter  : Set SecurityContextHolder to anonymous SecurityContext
2026-03-21T10:45:59.886+03:00 DEBUG 23516 --- [o-auto-1-exec-2] o.s.security.web.FilterChainProxy        : Secured POST /api/auth/login
Hibernate: select u1_0.id,u1_0.full_name,u1_0.login,u1_0.password_hash,u1_0.role from users u1_0 where u1_0.login=?
2026-03-21T10:46:00.032+03:00 DEBUG 23516 --- [o-auto-1-exec-2] o.s.s.a.dao.DaoAuthenticationProvider    : Authenticated user
Hibernate: select u1_0.id,u1_0.full_name,u1_0.login,u1_0.password_hash,u1_0.role from users u1_0 where u1_0.login=?
2026-03-21T10:46:00.083+03:00 DEBUG 23516 --- [o-auto-1-exec-3] o.s.security.web.FilterChainProxy        : Securing POST /api/teacher/preferences
Hibernate: select u1_0.id,u1_0.full_name,u1_0.login,u1_0.password_hash,u1_0.role from users u1_0 where u1_0.login=?
2026-03-21T10:46:00.128+03:00 DEBUG 23516 --- [o-auto-1-exec-3] o.s.security.web.FilterChainProxy        : Secured POST /api/teacher/preferences
Hibernate: select t1_0.id,t1_0.contact_login,t1_0.name,t1_0.user_id from teachers t1_0 where t1_0.user_id=?
Hibernate: select p1_0.id,p1_0.avoid_dates,p1_0.board_type,p1_0.board_type_priority,p1_0.building_room,p1_0.building_room_priority,p1_0.comments,p1_0.comments_priority,p1_0.computers,p1_0.computers_priority,p1_0.days,p1_0.days_priority,p1_0.format,p1_0.format_priority,p1_0.groups,p1_0.load_type,p1_0.load_type_priority,p1_0.new_year_pref,p1_0.preferred_dates,p1_0.subject,p1_0.teacher_id,p1_0.times,p1_0.times_priority,p1_0.type from preferences p1_0 where p1_0.teacher_id=? and p1_0.type=?
Hibernate: insert into preferences (avoid_dates,board_type,board_type_priority,building_room,building_room_priority,comments,comments_priority,computers,computers_priority,days,days_priority,format,format_priority,groups,load_type,load_type_priority,new_year_pref,preferred_dates,subject,teacher_id,times,times_priority,type) values (?,?,?,?,?,?,?,?,?,?,?,?,?,?,?,?,?,?,?,?,?,?,?)
Hibernate: insert into preferences (avoid_dates,board_type,board_type_priority,building_room,building_room_priority,comments,comments_priority,computers,computers_priority,days,days_priority,format,format_priority,groups,load_type,load_type_priority,new_year_pref,preferred_dates,subject,teacher_id,times,times_priority,type) values (?,?,?,?,?,?,?,?,?,?,?,?,?,?,?,?,?,?,?,?,?,?,?)
2026-03-21T10:46:00.152+03:00 DEBUG 23516 --- [o-auto-1-exec-4] o.s.security.web.FilterChainProxy        : Securing GET /api/teacher/preferences?type=semester
Hibernate: select u1_0.id,u1_0.full_name,u1_0.login,u1_0.password_hash,u1_0.role from users u1_0 where u1_0.login=?
2026-03-21T10:46:00.158+03:00 DEBUG 23516 --- [o-auto-1-exec-4] o.s.security.web.FilterChainProxy        : Secured GET /api/teacher/preferences?type=semester
Hibernate: select t1_0.id,t1_0.contact_login,t1_0.name,t1_0.user_id from teachers t1_0 where t1_0.user_id=?
Hibernate: select p1_0.id,p1_0.avoid_dates,p1_0.board_type,p1_0.board_type_priority,p1_0.building_room,p1_0.building_room_priority,p1_0.comments,p1_0.comments_priority,p1_0.computers,p1_0.computers_priority,p1_0.days,p1_0.days_priority,p1_0.format,p1_0.format_priority,p1_0.groups,p1_0.load_type,p1_0.load_type_priority,p1_0.new_year_pref,p1_0.preferred_dates,p1_0.subject,p1_0.teacher_id,p1_0.times,p1_0.times_priority,p1_0.type from preferences p1_0 where p1_0.teacher_id=? and p1_0.type=?
]]></system-out>
  </testcase>
  <testcase name="scenario04_teacherCanSaveSemesterPreference" classname="com.example.webapp.integration.BackendScenariosIntegrationTest" time="0.181">
    <system-out><![CDATA[2026-03-21T10:46:00.191+03:00 DEBUG 23516 --- [o-auto-1-exec-5] o.s.security.web.FilterChainProxy        : Securing POST /api/auth/register
2026-03-21T10:46:00.192+03:00 DEBUG 23516 --- [o-auto-1-exec-5] o.s.s.w.a.AnonymousAuthenticationFilter  : Set SecurityContextHolder to anonymous SecurityContext
2026-03-21T10:46:00.192+03:00 DEBUG 23516 --- [o-auto-1-exec-5] o.s.security.web.FilterChainProxy        : Secured POST /api/auth/register
Hibernate: select u1_0.id from users u1_0 where u1_0.login=? fetch first ? rows only
Hibernate: insert into users (full_name,login,password_hash,role) values (?,?,?,?)
Hibernate: insert into teachers (contact_login,name,user_id) values (?,?,?)
2026-03-21T10:46:00.270+03:00 DEBUG 23516 --- [o-auto-1-exec-6] o.s.security.web.FilterChainProxy        : Securing POST /api/auth/login
2026-03-21T10:46:00.270+03:00 DEBUG 23516 --- [o-auto-1-exec-6] o.s.s.w.a.AnonymousAuthenticationFilter  : Set SecurityContextHolder to anonymous SecurityContext
2026-03-21T10:46:00.270+03:00 DEBUG 23516 --- [o-auto-1-exec-6] o.s.security.web.FilterChainProxy        : Secured POST /api/auth/login
Hibernate: select u1_0.id,u1_0.full_name,u1_0.login,u1_0.password_hash,u1_0.role from users u1_0 where u1_0.login=?
2026-03-21T10:46:00.331+03:00 DEBUG 23516 --- [o-auto-1-exec-6] o.s.s.a.dao.DaoAuthenticationProvider    : Authenticated user
Hibernate: select u1_0.id,u1_0.full_name,u1_0.login,u1_0.password_hash,u1_0.role from users u1_0 where u1_0.login=?
2026-03-21T10:46:00.347+03:00 DEBUG 23516 --- [o-auto-1-exec-7] o.s.security.web.FilterChainProxy        : Securing POST /api/teacher/preferences
Hibernate: select u1_0.id,u1_0.full_name,u1_0.login,u1_0.password_hash,u1_0.role from users u1_0 where u1_0.login=?
2026-03-21T10:46:00.352+03:00 DEBUG 23516 --- [o-auto-1-exec-7] o.s.security.web.FilterChainProxy        : Secured POST /api/teacher/preferences
Hibernate: select t1_0.id,t1_0.contact_login,t1_0.name,t1_0.user_id from teachers t1_0 where t1_0.user_id=?
Hibernate: select p1_0.id,p1_0.avoid_dates,p1_0.board_type,p1_0.board_type_priority,p1_0.building_room,p1_0.building_room_priority,p1_0.comments,p1_0.comments_priority,p1_0.computers,p1_0.computers_priority,p1_0.days,p1_0.days_priority,p1_0.format,p1_0.format_priority,p1_0.groups,p1_0.load_type,p1_0.load_type_priority,p1_0.new_year_pref,p1_0.preferred_dates,p1_0.subject,p1_0.teacher_id,p1_0.times,p1_0.times_priority,p1_0.type from preferences p1_0 where p1_0.teacher_id=? and p1_0.type=?
Hibernate: insert into preferences (avoid_dates,board_type,board_type_priority,building_room,building_room_priority,comments,comments_priority,computers,computers_priority,days,days_priority,format,format_priority,groups,load_type,load_type_priority,new_year_pref,preferred_dates,subject,teacher_id,times,times_priority,type) values (?,?,?,?,?,?,?,?,?,?,?,?,?,?,?,?,?,?,?,?,?,?,?)
]]></system-out>
  </testcase>
  <testcase name="scenario08_teacherSessionAndSemesterSeparated" classname="com.example.webapp.integration.BackendScenariosIntegrationTest" time="0.245">
    <system-out><![CDATA[2026-03-21T10:46:00.378+03:00 DEBUG 23516 --- [o-auto-1-exec-8] o.s.security.web.FilterChainProxy        : Securing POST /api/auth/register
2026-03-21T10:46:00.379+03:00 DEBUG 23516 --- [o-auto-1-exec-8] o.s.s.w.a.AnonymousAuthenticationFilter  : Set SecurityContextHolder to anonymous SecurityContext
2026-03-21T10:46:00.379+03:00 DEBUG 23516 --- [o-auto-1-exec-8] o.s.security.web.FilterChainProxy        : Secured POST /api/auth/register
Hibernate: select u1_0.id from users u1_0 where u1_0.login=? fetch first ? rows only
Hibernate: insert into users (full_name,login,password_hash,role) values (?,?,?,?)
Hibernate: insert into teachers (contact_login,name,user_id) values (?,?,?)
2026-03-21T10:46:00.457+03:00 DEBUG 23516 --- [o-auto-1-exec-9] o.s.security.web.FilterChainProxy        : Securing POST /api/auth/login
2026-03-21T10:46:00.457+03:00 DEBUG 23516 --- [o-auto-1-exec-9] o.s.s.w.a.AnonymousAuthenticationFilter  : Set SecurityContextHolder to anonymous SecurityContext
2026-03-21T10:46:00.458+03:00 DEBUG 23516 --- [o-auto-1-exec-9] o.s.security.web.FilterChainProxy        : Secured POST /api/auth/login
Hibernate: select u1_0.id,u1_0.full_name,u1_0.login,u1_0.password_hash,u1_0.role from users u1_0 where u1_0.login=?
2026-03-21T10:46:00.518+03:00 DEBUG 23516 --- [o-auto-1-exec-9] o.s.s.a.dao.DaoAuthenticationProvider    : Authenticated user
Hibernate: select u1_0.id,u1_0.full_name,u1_0.login,u1_0.password_hash,u1_0.role from users u1_0 where u1_0.login=?
2026-03-21T10:46:00.533+03:00 DEBUG 23516 --- [-auto-1-exec-10] o.s.security.web.FilterChainProxy        : Securing POST /api/teacher/preferences
Hibernate: select u1_0.id,u1_0.full_name,u1_0.login,u1_0.password_hash,u1_0.role from users u1_0 where u1_0.login=?
2026-03-21T10:46:00.539+03:00 DEBUG 23516 --- [-auto-1-exec-10] o.s.security.web.FilterChainProxy        : Secured POST /api/teacher/preferences
Hibernate: select t1_0.id,t1_0.contact_login,t1_0.name,t1_0.user_id from teachers t1_0 where t1_0.user_id=?
Hibernate: select p1_0.id,p1_0.avoid_dates,p1_0.board_type,p1_0.board_type_priority,p1_0.building_room,p1_0.building_room_priority,p1_0.comments,p1_0.comments_priority,p1_0.computers,p1_0.computers_priority,p1_0.days,p1_0.days_priority,p1_0.format,p1_0.format_priority,p1_0.groups,p1_0.load_type,p1_0.load_type_priority,p1_0.new_year_pref,p1_0.preferred_dates,p1_0.subject,p1_0.teacher_id,p1_0.times,p1_0.times_priority,p1_0.type from preferences p1_0 where p1_0.teacher_id=? and p1_0.type=?
Hibernate: insert into preferences (avoid_dates,board_type,board_type_priority,building_room,building_room_priority,comments,comments_priority,computers,computers_priority,days,days_priority,format,format_priority,groups,load_type,load_type_priority,new_year_pref,preferred_dates,subject,teacher_id,times,times_priority,type) values (?,?,?,?,?,?,?,?,?,?,?,?,?,?,?,?,?,?,?,?,?,?,?)
2026-03-21T10:46:00.566+03:00 DEBUG 23516 --- [o-auto-1-exec-1] o.s.security.web.FilterChainProxy        : Securing POST /api/teacher/preferences
Hibernate: select u1_0.id,u1_0.full_name,u1_0.login,u1_0.password_hash,u1_0.role from users u1_0 where u1_0.login=?
2026-03-21T10:46:00.573+03:00 DEBUG 23516 --- [o-auto-1-exec-1] o.s.security.web.FilterChainProxy        : Secured POST /api/teacher/preferences
Hibernate: select t1_0.id,t1_0.contact_login,t1_0.name,t1_0.user_id from teachers t1_0 where t1_0.user_id=?
Hibernate: select p1_0.id,p1_0.avoid_dates,p1_0.board_type,p1_0.board_type_priority,p1_0.building_room,p1_0.building_room_priority,p1_0.comments,p1_0.comments_priority,p1_0.computers,p1_0.computers_priority,p1_0.days,p1_0.days_priority,p1_0.format,p1_0.format_priority,p1_0.groups,p1_0.load_type,p1_0.load_type_priority,p1_0.new_year_pref,p1_0.preferred_dates,p1_0.subject,p1_0.teacher_id,p1_0.times,p1_0.times_priority,p1_0.type from preferences p1_0 where p1_0.teacher_id=? and p1_0.type=?
Hibernate: insert into preferences (avoid_dates,board_type,board_type_priority,building_room,building_room_priority,comments,comments_priority,computers,computers_priority,days,days_priority,format,format_priority,groups,load_type,load_type_priority,new_year_pref,preferred_dates,subject,teacher_id,times,times_priority,type) values (?,?,?,?,?,?,?,?,?,?,?,?,?,?,?,?,?,?,?,?,?,?,?)
2026-03-21T10:46:00.582+03:00 DEBUG 23516 --- [o-auto-1-exec-2] o.s.security.web.FilterChainProxy        : Securing GET /api/teacher/preferences?type=semester
Hibernate: select u1_0.id,u1_0.full_name,u1_0.login,u1_0.password_hash,u1_0.role from users u1_0 where u1_0.login=?
2026-03-21T10:46:00.588+03:00 DEBUG 23516 --- [o-auto-1-exec-2] o.s.security.web.FilterChainProxy        : Secured GET /api/teacher/preferences?type=semester
Hibernate: select t1_0.id,t1_0.contact_login,t1_0.name,t1_0.user_id from teachers t1_0 where t1_0.user_id=?
Hibernate: select p1_0.id,p1_0.avoid_dates,p1_0.board_type,p1_0.board_type_priority,p1_0.building_room,p1_0.building_room_priority,p1_0.comments,p1_0.comments_priority,p1_0.computers,p1_0.computers_priority,p1_0.days,p1_0.days_priority,p1_0.format,p1_0.format_priority,p1_0.groups,p1_0.load_type,p1_0.load_type_priority,p1_0.new_year_pref,p1_0.preferred_dates,p1_0.subject,p1_0.teacher_id,p1_0.times,p1_0.times_priority,p1_0.type from preferences p1_0 where p1_0.teacher_id=? and p1_0.type=?
2026-03-21T10:46:00.595+03:00 DEBUG 23516 --- [o-auto-1-exec-3] o.s.security.web.FilterChainProxy        : Securing GET /api/teacher/preferences?type=session
Hibernate: select u1_0.id,u1_0.full_name,u1_0.login,u1_0.password_hash,u1_0.role from users u1_0 where u1_0.login=?
2026-03-21T10:46:00.600+03:00 DEBUG 23516 --- [o-auto-1-exec-3] o.s.security.web.FilterChainProxy        : Secured GET /api/teacher/preferences?type=session
Hibernate: select t1_0.id,t1_0.contact_login,t1_0.name,t1_0.user_id from teachers t1_0 where t1_0.user_id=?
Hibernate: select p1_0.id,p1_0.avoid_dates,p1_0.board_type,p1_0.board_type_priority,p1_0.building_room,p1_0.building_room_priority,p1_0.comments,p1_0.comments_priority,p1_0.computers,p1_0.computers_priority,p1_0.days,p1_0.days_priority,p1_0.format,p1_0.format_priority,p1_0.groups,p1_0.load_type,p1_0.load_type_priority,p1_0.new_year_pref,p1_0.preferred_dates,p1_0.subject,p1_0.teacher_id,p1_0.times,p1_0.times_priority,p1_0.type from preferences p1_0 where p1_0.teacher_id=? and p1_0.type=?
]]></system-out>
  </testcase>
  <testcase name="scenario06_replaceByTypeBehaviorWorks" classname="com.example.webapp.integration.BackendScenariosIntegrationTest" time="0.245">
    <system-out><![CDATA[2026-03-21T10:46:00.628+03:00 DEBUG 23516 --- [o-auto-1-exec-4] o.s.security.web.FilterChainProxy        : Securing POST /api/auth/register
2026-03-21T10:46:00.628+03:00 DEBUG 23516 --- [o-auto-1-exec-4] o.s.s.w.a.AnonymousAuthenticationFilter  : Set SecurityContextHolder to anonymous SecurityContext
2026-03-21T10:46:00.628+03:00 DEBUG 23516 --- [o-auto-1-exec-4] o.s.security.web.FilterChainProxy        : Secured POST /api/auth/register
Hibernate: select u1_0.id from users u1_0 where u1_0.login=? fetch first ? rows only
Hibernate: insert into users (full_name,login,password_hash,role) values (?,?,?,?)
Hibernate: insert into teachers (contact_login,name,user_id) values (?,?,?)
2026-03-21T10:46:00.706+03:00 DEBUG 23516 --- [o-auto-1-exec-5] o.s.security.web.FilterChainProxy        : Securing POST /api/auth/login
2026-03-21T10:46:00.707+03:00 DEBUG 23516 --- [o-auto-1-exec-5] o.s.s.w.a.AnonymousAuthenticationFilter  : Set SecurityContextHolder to anonymous SecurityContext
2026-03-21T10:46:00.707+03:00 DEBUG 23516 --- [o-auto-1-exec-5] o.s.security.web.FilterChainProxy        : Secured POST /api/auth/login
Hibernate: select u1_0.id,u1_0.full_name,u1_0.login,u1_0.password_hash,u1_0.role from users u1_0 where u1_0.login=?
2026-03-21T10:46:00.769+03:00 DEBUG 23516 --- [o-auto-1-exec-5] o.s.s.a.dao.DaoAuthenticationProvider    : Authenticated user
Hibernate: select u1_0.id,u1_0.full_name,u1_0.login,u1_0.password_hash,u1_0.role from users u1_0 where u1_0.login=?
2026-03-21T10:46:00.785+03:00 DEBUG 23516 --- [o-auto-1-exec-6] o.s.security.web.FilterChainProxy        : Securing POST /api/teacher/preferences
Hibernate: select u1_0.id,u1_0.full_name,u1_0.login,u1_0.password_hash,u1_0.role from users u1_0 where u1_0.login=?
2026-03-21T10:46:00.790+03:00 DEBUG 23516 --- [o-auto-1-exec-6] o.s.security.web.FilterChainProxy        : Secured POST /api/teacher/preferences
Hibernate: select t1_0.id,t1_0.contact_login,t1_0.name,t1_0.user_id from teachers t1_0 where t1_0.user_id=?
Hibernate: select p1_0.id,p1_0.avoid_dates,p1_0.board_type,p1_0.board_type_priority,p1_0.building_room,p1_0.building_room_priority,p1_0.comments,p1_0.comments_priority,p1_0.computers,p1_0.computers_priority,p1_0.days,p1_0.days_priority,p1_0.format,p1_0.format_priority,p1_0.groups,p1_0.load_type,p1_0.load_type_priority,p1_0.new_year_pref,p1_0.preferred_dates,p1_0.subject,p1_0.teacher_id,p1_0.times,p1_0.times_priority,p1_0.type from preferences p1_0 where p1_0.teacher_id=? and p1_0.type=?
Hibernate: insert into preferences (avoid_dates,board_type,board_type_priority,building_room,building_room_priority,comments,comments_priority,computers,computers_priority,days,days_priority,format,format_priority,groups,load_type,load_type_priority,new_year_pref,preferred_dates,subject,teacher_id,times,times_priority,type) values (?,?,?,?,?,?,?,?,?,?,?,?,?,?,?,?,?,?,?,?,?,?,?)
2026-03-21T10:46:00.815+03:00 DEBUG 23516 --- [o-auto-1-exec-7] o.s.security.web.FilterChainProxy        : Securing POST /api/teacher/preferences
Hibernate: select u1_0.id,u1_0.full_name,u1_0.login,u1_0.password_hash,u1_0.role from users u1_0 where u1_0.login=?
2026-03-21T10:46:00.820+03:00 DEBUG 23516 --- [o-auto-1-exec-7] o.s.security.web.FilterChainProxy        : Secured POST /api/teacher/preferences
Hibernate: select t1_0.id,t1_0.contact_login,t1_0.name,t1_0.user_id from teachers t1_0 where t1_0.user_id=?
Hibernate: select p1_0.id,p1_0.avoid_dates,p1_0.board_type,p1_0.board_type_priority,p1_0.building_room,p1_0.building_room_priority,p1_0.comments,p1_0.comments_priority,p1_0.computers,p1_0.computers_priority,p1_0.days,p1_0.days_priority,p1_0.format,p1_0.format_priority,p1_0.groups,p1_0.load_type,p1_0.load_type_priority,p1_0.new_year_pref,p1_0.preferred_dates,p1_0.subject,p1_0.teacher_id,p1_0.times,p1_0.times_priority,p1_0.type from preferences p1_0 where p1_0.teacher_id=? and p1_0.type=?
Hibernate: insert into preferences (avoid_dates,board_type,board_type_priority,building_room,building_room_priority,comments,comments_priority,computers,computers_priority,days,days_priority,format,format_priority,groups,load_type,load_type_priority,new_year_pref,preferred_dates,subject,teacher_id,times,times_priority,type) values (?,?,?,?,?,?,?,?,?,?,?,?,?,?,?,?,?,?,?,?,?,?,?)
Hibernate: delete from preferences where id=?
2026-03-21T10:46:00.839+03:00 DEBUG 23516 --- [o-auto-1-exec-8] o.s.security.web.FilterChainProxy        : Securing GET /api/teacher/preferences?type=session
Hibernate: select u1_0.id,u1_0.full_name,u1_0.login,u1_0.password_hash,u1_0.role from users u1_0 where u1_0.login=?
2026-03-21T10:46:00.844+03:00 DEBUG 23516 --- [o-auto-1-exec-8] o.s.security.web.FilterChainProxy        : Secured GET /api/teacher/preferences?type=session
Hibernate: select t1_0.id,t1_0.contact_login,t1_0.name,t1_0.user_id from teachers t1_0 where t1_0.user_id=?
Hibernate: select p1_0.id,p1_0.avoid_dates,p1_0.board_type,p1_0.board_type_priority,p1_0.building_room,p1_0.building_room_priority,p1_0.comments,p1_0.comments_priority,p1_0.computers,p1_0.computers_priority,p1_0.days,p1_0.days_priority,p1_0.format,p1_0.format_priority,p1_0.groups,p1_0.load_type,p1_0.load_type_priority,p1_0.new_year_pref,p1_0.preferred_dates,p1_0.subject,p1_0.teacher_id,p1_0.times,p1_0.times_priority,p1_0.type from preferences p1_0 where p1_0.teacher_id=? and p1_0.type=?
]]></system-out>
  </testcase>
  <testcase name="scenario02_loginWithWrongPasswordReturnsUnauthorized" classname="com.example.webapp.integration.BackendScenariosIntegrationTest" time="0.15">
    <system-out><![CDATA[2026-03-21T10:46:00.861+03:00 DEBUG 23516 --- [o-auto-1-exec-9] o.s.security.web.FilterChainProxy        : Securing POST /api/auth/register
2026-03-21T10:46:00.862+03:00 DEBUG 23516 --- [o-auto-1-exec-9] o.s.s.w.a.AnonymousAuthenticationFilter  : Set SecurityContextHolder to anonymous SecurityContext
2026-03-21T10:46:00.862+03:00 DEBUG 23516 --- [o-auto-1-exec-9] o.s.security.web.FilterChainProxy        : Secured POST /api/auth/register
Hibernate: select u1_0.id from users u1_0 where u1_0.login=? fetch first ? rows only
Hibernate: insert into users (full_name,login,password_hash,role) values (?,?,?,?)
Hibernate: insert into teachers (contact_login,name,user_id) values (?,?,?)
2026-03-21T10:46:00.938+03:00 DEBUG 23516 --- [-auto-1-exec-10] o.s.security.web.FilterChainProxy        : Securing POST /api/auth/login
2026-03-21T10:46:00.940+03:00 DEBUG 23516 --- [-auto-1-exec-10] o.s.s.w.a.AnonymousAuthenticationFilter  : Set SecurityContextHolder to anonymous SecurityContext
2026-03-21T10:46:00.940+03:00 DEBUG 23516 --- [-auto-1-exec-10] o.s.security.web.FilterChainProxy        : Secured POST /api/auth/login
Hibernate: select u1_0.id,u1_0.full_name,u1_0.login,u1_0.password_hash,u1_0.role from users u1_0 where u1_0.login=?
2026-03-21T10:46:01.000+03:00 DEBUG 23516 --- [-auto-1-exec-10] o.s.s.a.dao.DaoAuthenticationProvider    : Failed to authenticate since password does not match stored value
]]></system-out>
  </testcase>
  <testcase name="scenario07_adminEndpointRejectsTeacherToken" classname="com.example.webapp.integration.BackendScenariosIntegrationTest" time="0.159">
    <system-out><![CDATA[2026-03-21T10:46:01.009+03:00 DEBUG 23516 --- [o-auto-1-exec-1] o.s.security.web.FilterChainProxy        : Securing POST /api/auth/register
2026-03-21T10:46:01.010+03:00 DEBUG 23516 --- [o-auto-1-exec-1] o.s.s.w.a.AnonymousAuthenticationFilter  : Set SecurityContextHolder to anonymous SecurityContext
2026-03-21T10:46:01.010+03:00 DEBUG 23516 --- [o-auto-1-exec-1] o.s.security.web.FilterChainProxy        : Secured POST /api/auth/register
Hibernate: select u1_0.id from users u1_0 where u1_0.login=? fetch first ? rows only
Hibernate: insert into users (full_name,login,password_hash,role) values (?,?,?,?)
Hibernate: insert into teachers (contact_login,name,user_id) values (?,?,?)
2026-03-21T10:46:01.080+03:00 DEBUG 23516 --- [o-auto-1-exec-2] o.s.security.web.FilterChainProxy        : Securing POST /api/auth/login
2026-03-21T10:46:01.081+03:00 DEBUG 23516 --- [o-auto-1-exec-2] o.s.s.w.a.AnonymousAuthenticationFilter  : Set SecurityContextHolder to anonymous SecurityContext
2026-03-21T10:46:01.081+03:00 DEBUG 23516 --- [o-auto-1-exec-2] o.s.security.web.FilterChainProxy        : Secured POST /api/auth/login
Hibernate: select u1_0.id,u1_0.full_name,u1_0.login,u1_0.password_hash,u1_0.role from users u1_0 where u1_0.login=?
2026-03-21T10:46:01.141+03:00 DEBUG 23516 --- [o-auto-1-exec-2] o.s.s.a.dao.DaoAuthenticationProvider    : Authenticated user
Hibernate: select u1_0.id,u1_0.full_name,u1_0.login,u1_0.password_hash,u1_0.role from users u1_0 where u1_0.login=?
2026-03-21T10:46:01.146+03:00 DEBUG 23516 --- [o-auto-1-exec-3] o.s.security.web.FilterChainProxy        : Securing GET /api/admin/preferences
Hibernate: select u1_0.id,u1_0.full_name,u1_0.login,u1_0.password_hash,u1_0.role from users u1_0 where u1_0.login=?
2026-03-21T10:46:01.151+03:00 DEBUG 23516 --- [o-auto-1-exec-3] o.s.s.w.access.AccessDeniedHandlerImpl   : Responding with 403 status code
2026-03-21T10:46:01.156+03:00 DEBUG 23516 --- [o-auto-1-exec-3] o.s.security.web.FilterChainProxy        : Securing GET /error
2026-03-21T10:46:01.157+03:00 DEBUG 23516 --- [o-auto-1-exec-3] o.s.security.web.FilterChainProxy        : Secured GET /error
2026-03-21T10:46:01.163+03:00 DEBUG 23516 --- [o-auto-1-exec-3] o.s.s.w.a.AnonymousAuthenticationFilter  : Set SecurityContextHolder to anonymous SecurityContext
]]></system-out>
  </testcase>
  <testcase name="scenario03_teacherEndpointWithoutTokenIsUnauthorized" classname="com.example.webapp.integration.BackendScenariosIntegrationTest" time="0.007">
    <system-out><![CDATA[2026-03-21T10:46:01.168+03:00 DEBUG 23516 --- [o-auto-1-exec-4] o.s.security.web.FilterChainProxy        : Securing GET /api/teacher/preferences?type=semester
2026-03-21T10:46:01.168+03:00 DEBUG 23516 --- [o-auto-1-exec-4] o.s.s.w.a.AnonymousAuthenticationFilter  : Set SecurityContextHolder to anonymous SecurityContext
2026-03-21T10:46:01.169+03:00 DEBUG 23516 --- [o-auto-1-exec-4] o.s.s.w.a.Http403ForbiddenEntryPoint     : Pre-authenticated entry point called. Rejecting access
2026-03-21T10:46:01.169+03:00 DEBUG 23516 --- [o-auto-1-exec-4] o.s.security.web.FilterChainProxy        : Securing GET /error?type=semester
2026-03-21T10:46:01.170+03:00 DEBUG 23516 --- [o-auto-1-exec-4] o.s.security.web.FilterChainProxy        : Secured GET /error?type=semester
2026-03-21T10:46:01.172+03:00 DEBUG 23516 --- [o-auto-1-exec-4] o.s.s.w.a.AnonymousAuthenticationFilter  : Set SecurityContextHolder to anonymous SecurityContext
]]></system-out>
  </testcase>
  <testcase name="scenario01_duplicateRegistrationReturnsBadRequest" classname="com.example.webapp.integration.BackendScenariosIntegrationTest" time="0.102">
    <system-out><![CDATA[2026-03-21T10:46:01.189+03:00 DEBUG 23516 --- [o-auto-1-exec-5] o.s.security.web.FilterChainProxy        : Securing POST /api/auth/register
2026-03-21T10:46:01.191+03:00 DEBUG 23516 --- [o-auto-1-exec-5] o.s.s.w.a.AnonymousAuthenticationFilter  : Set SecurityContextHolder to anonymous SecurityContext
2026-03-21T10:46:01.191+03:00 DEBUG 23516 --- [o-auto-1-exec-5] o.s.security.web.FilterChainProxy        : Secured POST /api/auth/register
Hibernate: select u1_0.id from users u1_0 where u1_0.login=? fetch first ? rows only
Hibernate: insert into users (full_name,login,password_hash,role) values (?,?,?,?)
Hibernate: insert into teachers (contact_login,name,user_id) values (?,?,?)
2026-03-21T10:46:01.267+03:00 DEBUG 23516 --- [o-auto-1-exec-6] o.s.security.web.FilterChainProxy        : Securing POST /api/auth/register
2026-03-21T10:46:01.267+03:00 DEBUG 23516 --- [o-auto-1-exec-6] o.s.s.w.a.AnonymousAuthenticationFilter  : Set SecurityContextHolder to anonymous SecurityContext
2026-03-21T10:46:01.268+03:00 DEBUG 23516 --- [o-auto-1-exec-6] o.s.security.web.FilterChainProxy        : Secured POST /api/auth/register
Hibernate: select u1_0.id from users u1_0 where u1_0.login=? fetch first ? rows only
]]></system-out>
  </testcase>
</testsuite>