<?xml version="1.0" encoding="UTF-8"?>
<testsuite xmlns:xsi="http://www.w3.org/2001/XMLSchema-instance" xsi:noNamespaceSchemaLocation="https://maven.apache.org/surefire/maven-surefire-plugin/xsd/surefire-test-report-3.0.xsd" version="3.0" name="com.example.webapp.model.PreferenceModelUnitTest" time="0.088" tests="22" errors="0" skipped="0" failures="0">
  <properties>
[...]
</properties>
  <testcase name="typeSubjectGroupsRoundtrip(String, String, String)[1]" classname="com.example.webapp.model.PreferenceModelUnitTest" time="0.016"/>
  <testcase name="typeSubjectGroupsRoundtrip(String, String, String)[2]" classname="com.example.webapp.model.PreferenceModelUnitTest" time="0"/>
  <testcase name="typeSubjectGroupsRoundtrip(String, String, String)[3]" classname="com.example.webapp.model.PreferenceModelUnitTest" time="0.001"/>
  <testcase name="typeSubjectGroupsRoundtrip(String, String, String)[4]" classname="com.example.webapp.model.PreferenceModelUnitTest" time="0.001"/>
  <testcase name="typeSubjectGroupsRoundtrip(String, String, String)[5]" classname="com.example.webapp.model.PreferenceModelUnitTest" time="0"/>
  <testcase name="typeSubjectGroupsRoundtrip(String, String, String)[6]" classname="com.example.webapp.model.PreferenceModelUnitTest" time="0"/>
  <testcase name="typeSubjectGroupsRoundtrip(String, String, String)[7]" classname="com.example.webapp.model.PreferenceModelUnitTest" time="0.002"/>
  <testcase name="typeSubjectGroupsRoundtrip(String, String, String)[8]" classname="com.example.webapp.model.PreferenceModelUnitTest" time="0"/>
  <testcase name="typeSubjectGroupsRoundtrip(String, String, String)[9]" classname="com.example.webapp.model.PreferenceModelUnitTest" time="0.001"/>
  <testcase name="typeSubjectGroupsRoundtrip(String, String, String)[10]" classname="com.example.webapp.model.PreferenceModelUnitTest" time="0"/>
  <testcase name="typeSubjectGroupsRoundtrip(String, String, String)[11]" classname="com.example.webapp.model.PreferenceModelUnitTest" time="0"/>
  <testcase name="typeSubjectGroupsRoundtrip(String, String, String)[12]" classname="com.example.webapp.model.PreferenceModelUnitTest" time="0"/>
  <testcase name="fullRoundtrip" classname="com.example.webapp.model.PreferenceModelUnitTest" time="0"/>
  <testcase name="prioritiesStoreExactValues(int, int, int, int, int, int, int, int)[1]" classname="com.example.webapp.model.PreferenceModelUnitTest" time="0.003"/>
  <testcase name="prioritiesStoreExactValues(int, int, int, int, int, int, int, int)[2]" classname="com.example.webapp.model.PreferenceModelUnitTest" time="0.001"/>
  <testcase name="prioritiesStoreExactValues(int, int, int, int, int, int, int, int)[3]" classname="com.example.webapp.model.PreferenceModelUnitTest" time="0"/>
  <testcase name="prioritiesStoreExactValues(int, int, int, int, int, int, int, int)[4]" classname="com.example.webapp.model.PreferenceModelUnitTest" time="0.001"/>
  <testcase name="prioritiesStoreExactValues(int, int, int, int, int, int, int, int)[5]" classname="com.example.webapp.model.PreferenceModelUnitTest" time="0.001"/>
  <testcase name="prioritiesStoreExactValues(int, int, int, int, int, int, int, int)[6]" classname="com.example.webapp.model.PreferenceModelUnitTest" time="0"/>
  <testcase name="prioritiesStoreExactValues(int, int, int, int, int, int, int, int)[7]" classname="com.example.webapp.model.PreferenceModelUnitTest" time="0"/>
  <testcase name="prioritiesStoreExactValues(int, int, int, int, int, int, int, int)[8]" classname="com.example.webapp.model.PreferenceModelUnitTest" time="0"/>
  <testcase name="prioritiesStoreExactValues(int, int, int, int, int, int, int, int)[9]" classname="com.example.webapp.model.PreferenceModelUnitTest" time="0"/>
</testsuite>