{"total": {"lines":{"total":1198,"covered":1109,"skipped":0,"pct":92.57},"statements":{"total":1198,"covered":1109,"skipped":0,"pct":92.57},"functions":{"total":78,"covered":45,"skipped":0,"pct":57.69},"branches":{"total":205,"covered":162,"skipped":0,"pct":79.02},"branchesTrue":{"total":0,"covered":0,"skipped":0,"pct":100}}
,"C:\\projects\\teachers_preferences\\frontend\\src\\App.jsx": {"lines":{"total":15,"covered":15,"skipped":0,"pct":100},"functions":{"total":1,"covered":1,"skipped":0,"pct":100},"statements":{"total":15,"covered":15,"skipped":0,"pct":100},"branches":{"total":1,"covered":1,"skipped":0,"pct":100}}
,"C:\\projects\\teachers_preferences\\frontend\\src\\api.js": {"lines":{"total":106,"covered":89,"skipped":0,"pct":83.96},"functions":{"total":8,"covered":7,"skipped":0,"pct":87.5},"statements":{"total":106,"covered":89,"skipped":0,"pct":83.96},"branches":{"total":25,"covered":23,"skipped":0,"pct":92}}
,"C:\\projects\\teachers_preferences\\frontend\\src\\components\\AdminDashboard.jsx": {"lines":{"total":213,"covered":205,"skipped":0,"pct":96.24},"functions":{"total":12,"covered":8,"skipped":0,"pct":66.66},"statements":{"total":213,"covered":205,"skipped":0,"pct":96.24},"branches":{"total":29,"covered":22,"skipped":0,"pct":75.86}}
,"C:\\projects\\teachers_preferences\\frontend\\src\\components\\Login.jsx": {"lines":{"total":164,"covered":162,"skipped":0,"pct":98.78},"functions":{"total":7,"covered":7,"skipped":0,"pct":100},"statements":{"total":164,"covered":162,"skipped":0,"pct":98.78},"branches":{"total":34,"covered":31,"skipped":0,"pct":91.17}}
,"C:\\projects\\teachers_preferences\\frontend\\src\\components\\PreferencesForm.jsx": {"lines":{"total":514,"covered":475,"skipped":0,"pct":92.41},"functions":{"total":40,"covered":15,"skipped":0,"pct":37.5},"statements":{"total":514,"covered":475,"skipped":0,"pct":92.41},"branches":{"total":85,"covered":64,"skipped":0,"pct":75.29}}
,"C:\\projects\\teachers_preferences\\frontend\\src\\components\\Register.jsx": {"lines":{"total":97,"covered":97,"skipped":0,"pct":100},"functions":{"total":5,"covered":5,"skipped":0,"pct":100},"statements":{"total":97,"covered":97,"skipped":0,"pct":100},"branches":{"total":11,"covered":10,"skipped":0,"pct":90.9}}
,"C:\\projects\\teachers_preferences\\frontend\\src\\components\\TeacherDashboard.jsx": {"lines":{"total":89,"covered":66,"skipped":0,"pct":74.15},"functions":{"total":5,"covered":2,"skipped":0,"pct":40},"statements":{"total":89,"covered":66,"skipped":0,"pct":74.15},"branches":{"total":20,"covered":11,"skipped":0,"pct":55}}
}
